#
# There is insufficient memory for the Java Runtime Environment to continue.
# Native memory allocation (malloc) failed to allocate 66976 bytes. Error detail: Chunk::new
# Possible reasons:
#   The system is out of physical RAM or swap space
#   This process is running with CompressedOops enabled, and the Java Heap may be blocking the growth of the native heap
# Possible solutions:
#   Reduce memory load on the system
#   Increase physical memory or swap space
#   Check if swap backing store is full
#   Decrease Java heap size (-Xmx/-Xms)
#   Decrease number of Java threads
#   Decrease Java thread stack sizes (-Xss)
#   Set larger code cache with -XX:ReservedCodeCacheSize=
#   JVM is running with Unscaled Compressed Oops mode in which the Java heap is
#     placed in the first 4GB address space. The Java Heap base address is the
#     maximum limit for the native heap growth. Please use -XX:HeapBaseMinAddress
#     to set the Java Heap base and to place the Java Heap above 4GB virtual address.
# This output file may be truncated or incomplete.
#
#  Out of Memory Error (arena.cpp:191), pid=7192, tid=19832
#
# JRE version: OpenJDK Runtime Environment Temurin-17.0.13+11 (17.0.13+11) (build 17.0.13+11)
# Java VM: OpenJDK 64-Bit Server VM Temurin-17.0.13+11 (17.0.13+11, mixed mode, tiered, compressed oops, compressed class ptrs, parallel gc, windows-amd64)
# No core dump will be written. Minidumps are not enabled by default on client versions of Windows
#

---------------  S U M M A R Y ------------

Command Line: --add-modules=ALL-SYSTEM --add-opens=java.base/java.util=ALL-UNNAMED --add-opens=java.base/java.lang=ALL-UNNAMED --add-opens=java.base/sun.nio.fs=ALL-UNNAMED -Declipse.application=org.eclipse.jdt.ls.core.id1 -Dosgi.bundles.defaultStartLevel=4 -Declipse.product=org.eclipse.jdt.ls.core.product -Djava.import.generatesMetadataFilesAtProjectRoot=false -DDetectVMInstallationsJob.disabled=true -Dfile.encoding=utf8 -XX:+UseParallelGC -XX:GCTimeRatio=4 -XX:AdaptiveSizePolicyWeight=90 -Dsun.zip.disableMemoryMapping=true -Xmx1G -Xms100m -Xlog:disable -javaagent:c:\Users\DELL\.vscode\extensions\redhat.java-1.36.0-win32-x64\lombok\lombok-1.18.35.jar -XX:+HeapDumpOnOutOfMemoryError -XX:HeapDumpPath=c:\Users\DELL\AppData\Roaming\Code\User\workspaceStorage\a7b85a6b4e666e2a1d3ed8dca0553e40\redhat.java -Daether.dependencyCollector.impl=bf c:\Users\DELL\.vscode\extensions\redhat.java-1.36.0-win32-x64\server\plugins\org.eclipse.equinox.launcher_1.6.900.v20240613-2009.jar -configuration c:\Users\DELL\AppData\Roaming\Code\User\globalStorage\redhat.java\1.36.0\config_win -data c:\Users\DELL\AppData\Roaming\Code\User\workspaceStorage\a7b85a6b4e666e2a1d3ed8dca0553e40\redhat.java\jdt_ws --pipe=\\.\pipe\lsp-2915493eaddeb8c3e9ea7ab437cc6b6c-sock

Host: AMD Athlon Silver 3050U with Radeon Graphics   , 2 cores, 5G,  Windows 11 , 64 bit Build 22621 (10.0.22621.3958)
Time: Tue Nov  5 15:59:06 2024 India Standard Time elapsed time: 1.540263 seconds (0d 0h 0m 1s)

---------------  T H R E A D  ---------------

Current thread (0x000001fabf8ce010):  JavaThread "C2 CompilerThread0" daemon [_thread_in_native, id=19832, stack(0x000000a4f4500000,0x000000a4f4600000)]


Current CompileTask:
C2:   1540  466       4       java.lang.StringBuilder::append (8 bytes)

Stack: [0x000000a4f4500000,0x000000a4f4600000]
Native frames: (J=compiled Java code, j=interpreted, Vv=VM code, C=native code)
V  [jvm.dll+0x682a19]
V  [jvm.dll+0x839538]
V  [jvm.dll+0x83afe3]
V  [jvm.dll+0x83b653]
V  [jvm.dll+0x24704f]
V  [jvm.dll+0xace34]
V  [jvm.dll+0xad4cc]
V  [jvm.dll+0x2ac84f]
V  [jvm.dll+0x588a79]
V  [jvm.dll+0x220ea2]
V  [jvm.dll+0x22129f]
V  [jvm.dll+0x21a2b0]
V  [jvm.dll+0x21738b]
V  [jvm.dll+0x1a3070]
V  [jvm.dll+0x22788c]
V  [jvm.dll+0x2259eb]
V  [jvm.dll+0x7eec98]
V  [jvm.dll+0x7e8ffc]
V  [jvm.dll+0x6818f7]
C  [ucrtbase.dll+0x29333]
C  [KERNEL32.DLL+0x1257d]
C  [ntdll.dll+0x5af08]


---------------  P R O C E S S  ---------------

Threads class SMR info:
_java_thread_list=0x000001fad848cad0, length=12, elements={
0x000001fabf81dfe0, 0x000001fad3626ac0, 0x000001fad36280a0, 0x000001fabf8cafe0,
0x000001fabf8cbba0, 0x000001fabf8cc760, 0x000001fabf8cd320, 0x000001fabf8ce010,
0x000001fad36aea10, 0x000001fad821b760, 0x000001fabf882d70, 0x000001fad8499720
}

Java Threads: ( => current thread )
  0x000001fabf81dfe0 JavaThread "main" [_thread_in_vm, id=15640, stack(0x000000a4f3b00000,0x000000a4f3c00000)]
  0x000001fad3626ac0 JavaThread "Reference Handler" daemon [_thread_blocked, id=18028, stack(0x000000a4f3f00000,0x000000a4f4000000)]
  0x000001fad36280a0 JavaThread "Finalizer" daemon [_thread_blocked, id=12972, stack(0x000000a4f4000000,0x000000a4f4100000)]
  0x000001fabf8cafe0 JavaThread "Signal Dispatcher" daemon [_thread_blocked, id=14296, stack(0x000000a4f4100000,0x000000a4f4200000)]
  0x000001fabf8cbba0 JavaThread "Attach Listener" daemon [_thread_blocked, id=6824, stack(0x000000a4f4200000,0x000000a4f4300000)]
  0x000001fabf8cc760 JavaThread "Service Thread" daemon [_thread_blocked, id=10516, stack(0x000000a4f4300000,0x000000a4f4400000)]
  0x000001fabf8cd320 JavaThread "Monitor Deflation Thread" daemon [_thread_blocked, id=19052, stack(0x000000a4f4400000,0x000000a4f4500000)]
=>0x000001fabf8ce010 JavaThread "C2 CompilerThread0" daemon [_thread_in_native, id=19832, stack(0x000000a4f4500000,0x000000a4f4600000)]
  0x000001fad36aea10 JavaThread "C1 CompilerThread0" daemon [_thread_blocked, id=7864, stack(0x000000a4f4600000,0x000000a4f4700000)]
  0x000001fad821b760 JavaThread "Sweeper thread" daemon [_thread_blocked, id=15848, stack(0x000000a4f4700000,0x000000a4f4800000)]
  0x000001fabf882d70 JavaThread "Common-Cleaner" daemon [_thread_blocked, id=7304, stack(0x000000a4f4800000,0x000000a4f4900000)]
  0x000001fad8499720 JavaThread "Notification Thread" daemon [_thread_blocked, id=8816, stack(0x000000a4f4900000,0x000000a4f4a00000)]

Other Threads:
  0x000001fad360f720 VMThread "VM Thread" [stack: 0x000000a4f3e00000,0x000000a4f3f00000] [id=21644]
  0x000001fad8499c00 WatcherThread [stack: 0x000000a4f4a00000,0x000000a4f4b00000] [id=9228]
  0x000001fabf835010 GCTaskThread "GC Thread#0" [stack: 0x000000a4f3d00000,0x000000a4f3e00000] [id=18168]

Threads with active compile tasks:
C2 CompilerThread0     1552  466       4       java.lang.StringBuilder::append (8 bytes)

VM state: not at safepoint (normal execution)

VM Mutex/Monitor currently owned by a thread: None

Heap address: 0x00000000c0000000, size: 1024 MB, Compressed Oops mode: 32-bit

CDS archive(s) not mapped
Compressed class space mapped at: 0x0000000100000000-0x0000000140000000, reserved size: 1073741824
Narrow klass base: 0x0000000000000000, Narrow klass shift: 3, Narrow klass range: 0x140000000

GC Precious Log:
 CPUs: 2 total, 2 available
 Memory: 6030M
 Large Page Support: Disabled
 NUMA Support: Disabled
 Compressed Oops: Enabled (32-bit)
 Alignments: Space 512K, Generation 512K, Heap 2M
 Heap Min Capacity: 100M
 Heap Initial Capacity: 100M
 Heap Max Capacity: 1G
 Pre-touch: Disabled
 Parallel Workers: 2

Heap:
 PSYoungGen      total 29696K, used 9299K [0x00000000eab00000, 0x00000000ecc00000, 0x0000000100000000)
  eden space 25600K, 36% used [0x00000000eab00000,0x00000000eb414cd8,0x00000000ec400000)
  from space 4096K, 0% used [0x00000000ec800000,0x00000000ec800000,0x00000000ecc00000)
  to   space 4096K, 0% used [0x00000000ec400000,0x00000000ec400000,0x00000000ec800000)
 ParOldGen       total 68608K, used 0K [0x00000000c0000000, 0x00000000c4300000, 0x00000000eab00000)
  object space 68608K, 0% used [0x00000000c0000000,0x00000000c0000000,0x00000000c4300000)
 Metaspace       used 6795K, committed 6912K, reserved 1114112K
  class space    used 664K, committed 704K, reserved 1048576K

Card table byte_map: [0x000001fabf1e0000,0x000001fabf3f0000] _byte_map_base: 0x000001fabebe0000

Marking Bits: (ParMarkBitMap*) 0x00007ff99eff6940
 Begin Bits: [0x000001fad14b0000, 0x000001fad24b0000)
 End Bits:   [0x000001fad24b0000, 0x000001fad34b0000)

Polling page: 0x000001fabefd0000

Metaspace:

Usage:
  Non-class:      5.99 MB used.
      Class:    664.19 KB used.
       Both:      6.64 MB used.

Virtual space:
  Non-class space:       64.00 MB reserved,       6.06 MB (  9%) committed,  1 nodes.
      Class space:        1.00 GB reserved,     704.00 KB ( <1%) committed,  1 nodes.
             Both:        1.06 GB reserved,       6.75 MB ( <1%) committed. 

Chunk freelists:
   Non-Class:  9.00 MB
       Class:  15.21 MB
        Both:  24.21 MB

MaxMetaspaceSize: unlimited
CompressedClassSpaceSize: 1.00 GB
Initial GC threshold: 21.00 MB
Current GC threshold: 21.00 MB
CDS: off
MetaspaceReclaimPolicy: balanced
 - commit_granule_bytes: 65536.
 - commit_granule_words: 8192.
 - virtual_space_node_default_size: 8388608.
 - enlarge_chunks_in_place: 1.
 - new_chunks_are_fully_committed: 0.
 - uncommit_free_chunks: 1.
 - use_allocation_guard: 0.
 - handle_deallocations: 1.


Internal statistics:

num_allocs_failed_limit: 0.
num_arena_births: 10.
num_arena_deaths: 0.
num_vsnodes_births: 2.
num_vsnodes_deaths: 0.
num_space_committed: 108.
num_space_uncommitted: 0.
num_chunks_returned_to_freelist: 0.
num_chunks_taken_from_freelist: 40.
num_chunk_merges: 0.
num_chunk_splits: 23.
num_chunks_enlarged: 21.
num_inconsistent_stats: 0.

CodeHeap 'non-profiled nmethods': size=120064Kb used=156Kb max_used=156Kb free=119907Kb
 bounds [0x000001fac9f70000, 0x000001faca1e0000, 0x000001fad14b0000]
CodeHeap 'profiled nmethods': size=120000Kb used=623Kb max_used=623Kb free=119376Kb
 bounds [0x000001fac24b0000, 0x000001fac2720000, 0x000001fac99e0000]
CodeHeap 'non-nmethods': size=5696Kb used=1102Kb max_used=1114Kb free=4593Kb
 bounds [0x000001fac99e0000, 0x000001fac9c50000, 0x000001fac9f70000]
 total_blobs=850 nmethods=467 adapters=298
 compilation: enabled
              stopped_count=0, restarted_count=0
 full_count=0

Compilation events (20 events):
Event: 1.533 Thread 0x000001fad36aea10 nmethod 456 0x000001fac2548510 code [0x000001fac25486a0, 0x000001fac25487e8]
Event: 1.533 Thread 0x000001fabf8ce010  457       4       jdk.internal.misc.Unsafe::putReferenceRelease (9 bytes)
Event: 1.533 Thread 0x000001fad36aea10  458       1       sun.util.locale.BaseLocale::getLanguage (5 bytes)
Event: 1.533 Thread 0x000001fabf8ce010 nmethod 457 0x000001fac9f96990 code [0x000001fac9f96b00, 0x000001fac9f96b98]
Event: 1.533 Thread 0x000001fad36aea10 nmethod 458 0x000001fac9f96c90 code [0x000001fac9f96e20, 0x000001fac9f96ef8]
Event: 1.534 Thread 0x000001fad36aea10  459       1       sun.security.util.KnownOIDs::registerNames (2 bytes)
Event: 1.534 Thread 0x000001fad36aea10 nmethod 459 0x000001fac9f96f90 code [0x000001fac9f97120, 0x000001fac9f971f8]
Event: 1.534 Thread 0x000001fad36aea10  460       3       java.lang.StringLatin1::toUpperCase (186 bytes)
Event: 1.535 Thread 0x000001fad36aea10 nmethod 460 0x000001fac2548890 code [0x000001fac2548b00, 0x000001fac25495b8]
Event: 1.535 Thread 0x000001fad36aea10  461       3       java.lang.String::toUpperCase (29 bytes)
Event: 1.535 Thread 0x000001fad36aea10 nmethod 461 0x000001fac2549a10 code [0x000001fac2549be0, 0x000001fac2549e98]
Event: 1.535 Thread 0x000001fad36aea10  462       3       java.util.Objects::nonNull (10 bytes)
Event: 1.535 Thread 0x000001fad36aea10 nmethod 462 0x000001fac2549f90 code [0x000001fac254a120, 0x000001fac254a258]
Event: 1.536 Thread 0x000001fad36aea10  463       3       java.util.HashMap$EntryIterator::next (5 bytes)
Event: 1.536 Thread 0x000001fad36aea10 nmethod 463 0x000001fac254a310 code [0x000001fac254a4c0, 0x000001fac254a648]
Event: 1.536 Thread 0x000001fabf8ce010  466       4       java.lang.StringBuilder::append (8 bytes)
Event: 1.536 Thread 0x000001fad36aea10  465       3       java.lang.Integer::numberOfLeadingZeros (79 bytes)
Event: 1.537 Thread 0x000001fad36aea10 nmethod 465 0x000001fac254a710 code [0x000001fac254a8c0, 0x000001fac254ab78]
Event: 1.537 Thread 0x000001fad36aea10  464       3       java.util.HashMap$EntryIterator::next (5 bytes)
Event: 1.537 Thread 0x000001fad36aea10 nmethod 464 0x000001fac254ac10 code [0x000001fac254ada0, 0x000001fac254aee8]

GC Heap History (0 events):
No events

Dll operation events (8 events):
Event: 0.088 Loaded shared library c:\Users\DELL\.vscode\extensions\redhat.java-1.36.0-win32-x64\jre\17.0.13-win32-x86_64\bin\java.dll
Event: 0.573 Loaded shared library c:\Users\DELL\.vscode\extensions\redhat.java-1.36.0-win32-x64\jre\17.0.13-win32-x86_64\bin\zip.dll
Event: 0.578 Loaded shared library C:\Users\DELL\.vscode\extensions\redhat.java-1.36.0-win32-x64\jre\17.0.13-win32-x86_64\bin\instrument.dll
Event: 0.596 Loaded shared library C:\Users\DELL\.vscode\extensions\redhat.java-1.36.0-win32-x64\jre\17.0.13-win32-x86_64\bin\net.dll
Event: 0.598 Loaded shared library C:\Users\DELL\.vscode\extensions\redhat.java-1.36.0-win32-x64\jre\17.0.13-win32-x86_64\bin\nio.dll
Event: 0.930 Loaded shared library C:\Users\DELL\.vscode\extensions\redhat.java-1.36.0-win32-x64\jre\17.0.13-win32-x86_64\bin\zip.dll
Event: 0.961 Loaded shared library C:\Users\DELL\.vscode\extensions\redhat.java-1.36.0-win32-x64\jre\17.0.13-win32-x86_64\bin\jimage.dll
Event: 1.157 Loaded shared library c:\Users\DELL\.vscode\extensions\redhat.java-1.36.0-win32-x64\jre\17.0.13-win32-x86_64\bin\verify.dll

Deoptimization events (8 events):
Event: 1.267 Thread 0x000001fabf81dfe0 DEOPT PACKING pc=0x000001fac24fa48a sp=0x000000a4f3bfcc00
Event: 1.267 Thread 0x000001fabf81dfe0 DEOPT UNPACKING pc=0x000001fac9a36e43 sp=0x000000a4f3bfc060 mode 0
Event: 1.492 Thread 0x000001fabf81dfe0 DEOPT PACKING pc=0x000001fac24cb7a8 sp=0x000000a4f3bf9090
Event: 1.492 Thread 0x000001fabf81dfe0 DEOPT UNPACKING pc=0x000001fac9a36e43 sp=0x000000a4f3bf8550 mode 0
Event: 1.508 Thread 0x000001fabf81dfe0 Uncommon trap: trap_request=0xffffff45 fr.pc=0x000001fac9f7fcf4 relative=0x0000000000000074
Event: 1.508 Thread 0x000001fabf81dfe0 Uncommon trap: reason=unstable_if action=reinterpret pc=0x000001fac9f7fcf4 method=java.lang.String.isLatin1()Z @ 10 c2
Event: 1.508 Thread 0x000001fabf81dfe0 DEOPT PACKING pc=0x000001fac9f7fcf4 sp=0x000000a4f3bff0f0
Event: 1.508 Thread 0x000001fabf81dfe0 DEOPT UNPACKING pc=0x000001fac9a366a3 sp=0x000000a4f3bff030 mode 2

Classes loaded (20 events):
Event: 1.531 Loading class sun/security/util/KnownOIDs$5
Event: 1.531 Loading class sun/security/util/KnownOIDs$5 done
Event: 1.531 Loading class sun/security/util/KnownOIDs$6
Event: 1.531 Loading class sun/security/util/KnownOIDs$6 done
Event: 1.531 Loading class sun/security/util/KnownOIDs$7
Event: 1.531 Loading class sun/security/util/KnownOIDs$7 done
Event: 1.531 Loading class sun/security/util/KnownOIDs$8
Event: 1.531 Loading class sun/security/util/KnownOIDs$8 done
Event: 1.531 Loading class sun/security/util/KnownOIDs$9
Event: 1.531 Loading class sun/security/util/KnownOIDs$9 done
Event: 1.531 Loading class sun/security/util/KnownOIDs$10
Event: 1.531 Loading class sun/security/util/KnownOIDs$10 done
Event: 1.535 Loading class java/util/LinkedHashMap$LinkedKeySet
Event: 1.536 Loading class java/util/LinkedHashMap$LinkedKeySet done
Event: 1.536 Loading class java/util/LinkedHashMap$LinkedKeyIterator
Event: 1.536 Loading class java/util/LinkedHashMap$LinkedHashIterator
Event: 1.536 Loading class java/util/LinkedHashMap$LinkedHashIterator done
Event: 1.536 Loading class java/util/LinkedHashMap$LinkedKeyIterator done
Event: 1.536 Loading class java/util/Collections$EmptyIterator
Event: 1.536 Loading class java/util/Collections$EmptyIterator done

Classes unloaded (0 events):
No events

Classes redefined (0 events):
No events

Internal exceptions (2 events):
Event: 0.391 Thread 0x000001fabf81dfe0 Exception <a 'java/lang/NoSuchMethodError'{0x00000000eacb4dd0}: 'void java.lang.invoke.DirectMethodHandle$Holder.invokeStatic(java.lang.Object, java.lang.Object, java.lang.Object)'> (0x00000000eacb4dd0) 
thrown [s\src\hotspot\share\interpreter\linkResolver.cpp, line 759]
Event: 1.259 Thread 0x000001fabf81dfe0 Exception <a 'java/lang/reflect/InvocationTargetException'{0x00000000eafe76d0}> (0x00000000eafe76d0) 
thrown [s\src\hotspot\share\runtime\reflection.cpp, line 1128]

VM Operations (4 events):
Event: 0.418 Executing VM operation: HandshakeAllThreads
Event: 0.418 Executing VM operation: HandshakeAllThreads done
Event: 1.033 Executing VM operation: HandshakeAllThreads
Event: 1.033 Executing VM operation: HandshakeAllThreads done

Memory protections (0 events):
No events

Nmethod flushes (0 events):
No events

Events (12 events):
Event: 0.117 Thread 0x000001fabf81dfe0 Thread added: 0x000001fabf81dfe0
Event: 0.180 Thread 0x000001fabf81dfe0 Thread added: 0x000001fad3626ac0
Event: 0.180 Thread 0x000001fabf81dfe0 Thread added: 0x000001fad36280a0
Event: 0.198 Thread 0x000001fabf81dfe0 Thread added: 0x000001fabf8cafe0
Event: 0.198 Thread 0x000001fabf81dfe0 Thread added: 0x000001fabf8cbba0
Event: 0.198 Thread 0x000001fabf81dfe0 Thread added: 0x000001fabf8cc760
Event: 0.198 Thread 0x000001fabf81dfe0 Thread added: 0x000001fabf8cd320
Event: 0.198 Thread 0x000001fabf81dfe0 Thread added: 0x000001fabf8ce010
Event: 0.220 Thread 0x000001fabf81dfe0 Thread added: 0x000001fad36aea10
Event: 0.232 Thread 0x000001fabf81dfe0 Thread added: 0x000001fad821b760
Event: 0.358 Thread 0x000001fabf81dfe0 Thread added: 0x000001fabf882d70
Event: 1.498 Thread 0x000001fabf81dfe0 Thread added: 0x000001fad8499720


Dynamic libraries:
0x00007ff666a90000 - 0x00007ff666a9e000 	c:\Users\DELL\.vscode\extensions\redhat.java-1.36.0-win32-x64\jre\17.0.13-win32-x86_64\bin\java.exe
0x00007ffa11f50000 - 0x00007ffa12167000 	C:\WINDOWS\SYSTEM32\ntdll.dll
0x00007ffa112e0000 - 0x00007ffa113a4000 	C:\WINDOWS\System32\KERNEL32.DLL
0x00007ffa0f4a0000 - 0x00007ffa0f857000 	C:\WINDOWS\System32\KERNELBASE.dll
0x00007ffa0f290000 - 0x00007ffa0f3a1000 	C:\WINDOWS\System32\ucrtbase.dll
0x00007ffa06ca0000 - 0x00007ffa06cb7000 	c:\Users\DELL\.vscode\extensions\redhat.java-1.36.0-win32-x64\jre\17.0.13-win32-x86_64\bin\jli.dll
0x00007ffa10d70000 - 0x00007ffa10f1f000 	C:\WINDOWS\System32\USER32.dll
0x00007ffa0f260000 - 0x00007ffa0f286000 	C:\WINDOWS\System32\win32u.dll
0x00007ffa11ee0000 - 0x00007ffa11f09000 	C:\WINDOWS\System32\GDI32.dll
0x00007ffa0f890000 - 0x00007ffa0f9a8000 	C:\WINDOWS\System32\gdi32full.dll
0x00007ffa0fa70000 - 0x00007ffa0fb0a000 	C:\WINDOWS\System32\msvcp_win.dll
0x00007ffa01b40000 - 0x00007ffa01b5e000 	c:\Users\DELL\.vscode\extensions\redhat.java-1.36.0-win32-x64\jre\17.0.13-win32-x86_64\bin\VCRUNTIME140.dll
0x00007ff9fa3e0000 - 0x00007ff9fa673000 	C:\WINDOWS\WinSxS\amd64_microsoft.windows.common-controls_6595b64144ccf1df_6.0.22621.3672_none_2713b9d173822955\COMCTL32.dll
0x00007ffa0fc80000 - 0x00007ffa0fd27000 	C:\WINDOWS\System32\msvcrt.dll
0x00007ffa11d70000 - 0x00007ffa11da1000 	C:\WINDOWS\System32\IMM32.DLL
0x00007ffa02630000 - 0x00007ffa0263c000 	c:\Users\DELL\.vscode\extensions\redhat.java-1.36.0-win32-x64\jre\17.0.13-win32-x86_64\bin\vcruntime140_1.dll
0x00007ff9c8470000 - 0x00007ff9c84fd000 	c:\Users\DELL\.vscode\extensions\redhat.java-1.36.0-win32-x64\jre\17.0.13-win32-x86_64\bin\msvcp140.dll
0x00007ff99e450000 - 0x00007ff99f0bb000 	c:\Users\DELL\.vscode\extensions\redhat.java-1.36.0-win32-x64\jre\17.0.13-win32-x86_64\bin\server\jvm.dll
0x00007ffa11cb0000 - 0x00007ffa11d62000 	C:\WINDOWS\System32\ADVAPI32.dll
0x00007ffa10bc0000 - 0x00007ffa10c68000 	C:\WINDOWS\System32\sechost.dll
0x00007ffa0f860000 - 0x00007ffa0f888000 	C:\WINDOWS\System32\bcrypt.dll
0x00007ffa11130000 - 0x00007ffa11244000 	C:\WINDOWS\System32\RPCRT4.dll
0x00007ffa10580000 - 0x00007ffa105f1000 	C:\WINDOWS\System32\WS2_32.dll
0x00007ffa0f130000 - 0x00007ffa0f17d000 	C:\WINDOWS\SYSTEM32\POWRPROF.dll
0x00007ffa06bf0000 - 0x00007ffa06c24000 	C:\WINDOWS\SYSTEM32\WINMM.dll
0x00007ffa06be0000 - 0x00007ffa06bea000 	C:\WINDOWS\SYSTEM32\VERSION.dll
0x00007ffa0f110000 - 0x00007ffa0f123000 	C:\WINDOWS\SYSTEM32\UMPDC.dll
0x00007ffa0e2b0000 - 0x00007ffa0e2c8000 	C:\WINDOWS\SYSTEM32\kernel.appcore.dll
0x00007ffa01a40000 - 0x00007ffa01a4a000 	c:\Users\DELL\.vscode\extensions\redhat.java-1.36.0-win32-x64\jre\17.0.13-win32-x86_64\bin\jimage.dll
0x00007ffa03330000 - 0x00007ffa03562000 	C:\WINDOWS\SYSTEM32\DBGHELP.DLL
0x00007ffa10660000 - 0x00007ffa109ee000 	C:\WINDOWS\System32\combase.dll
0x00007ffa10c70000 - 0x00007ffa10d47000 	C:\WINDOWS\System32\OLEAUT32.dll
0x00007ff9fc1a0000 - 0x00007ff9fc1d2000 	C:\WINDOWS\SYSTEM32\dbgcore.DLL
0x00007ffa0f3b0000 - 0x00007ffa0f42b000 	C:\WINDOWS\System32\bcryptPrimitives.dll
0x00007ffa01260000 - 0x00007ffa0126e000 	c:\Users\DELL\.vscode\extensions\redhat.java-1.36.0-win32-x64\jre\17.0.13-win32-x86_64\bin\instrument.dll
0x00007ff9d3f90000 - 0x00007ff9d3fb5000 	c:\Users\DELL\.vscode\extensions\redhat.java-1.36.0-win32-x64\jre\17.0.13-win32-x86_64\bin\java.dll
0x00007ff9fe420000 - 0x00007ff9fe438000 	c:\Users\DELL\.vscode\extensions\redhat.java-1.36.0-win32-x64\jre\17.0.13-win32-x86_64\bin\zip.dll
0x00007ffa113b0000 - 0x00007ffa11c19000 	C:\WINDOWS\System32\SHELL32.dll
0x00007ffa0d1d0000 - 0x00007ffa0dacf000 	C:\WINDOWS\SYSTEM32\windows.storage.dll
0x00007ffa0d090000 - 0x00007ffa0d1cf000 	C:\WINDOWS\SYSTEM32\wintypes.dll
0x00007ffa11de0000 - 0x00007ffa11ed9000 	C:\WINDOWS\System32\SHCORE.dll
0x00007ffa0fd30000 - 0x00007ffa0fd8e000 	C:\WINDOWS\System32\shlwapi.dll
0x00007ffa0f190000 - 0x00007ffa0f1b7000 	C:\WINDOWS\SYSTEM32\profapi.dll
0x00007ff9f4ec0000 - 0x00007ff9f4ed9000 	C:\Users\DELL\.vscode\extensions\redhat.java-1.36.0-win32-x64\jre\17.0.13-win32-x86_64\bin\net.dll
0x00007ffa0a040000 - 0x00007ffa0a176000 	C:\WINDOWS\SYSTEM32\WINHTTP.dll
0x00007ffa0e720000 - 0x00007ffa0e789000 	C:\WINDOWS\system32\mswsock.dll
0x00007ff9ede20000 - 0x00007ff9ede36000 	C:\Users\DELL\.vscode\extensions\redhat.java-1.36.0-win32-x64\jre\17.0.13-win32-x86_64\bin\nio.dll
0x00007ff9fe480000 - 0x00007ff9fe490000 	c:\Users\DELL\.vscode\extensions\redhat.java-1.36.0-win32-x64\jre\17.0.13-win32-x86_64\bin\verify.dll

dbghelp: loaded successfully - version: 4.0.5 - missing functions: none
symbol engine: initialized successfully - sym options: 0x614 - pdb path: .;c:\Users\DELL\.vscode\extensions\redhat.java-1.36.0-win32-x64\jre\17.0.13-win32-x86_64\bin;C:\WINDOWS\SYSTEM32;C:\WINDOWS\WinSxS\amd64_microsoft.windows.common-controls_6595b64144ccf1df_6.0.22621.3672_none_2713b9d173822955;c:\Users\DELL\.vscode\extensions\redhat.java-1.36.0-win32-x64\jre\17.0.13-win32-x86_64\bin\server

VM Arguments:
jvm_args: --add-modules=ALL-SYSTEM --add-opens=java.base/java.util=ALL-UNNAMED --add-opens=java.base/java.lang=ALL-UNNAMED --add-opens=java.base/sun.nio.fs=ALL-UNNAMED -Declipse.application=org.eclipse.jdt.ls.core.id1 -Dosgi.bundles.defaultStartLevel=4 -Declipse.product=org.eclipse.jdt.ls.core.product -Djava.import.generatesMetadataFilesAtProjectRoot=false -DDetectVMInstallationsJob.disabled=true -Dfile.encoding=utf8 -XX:+UseParallelGC -XX:GCTimeRatio=4 -XX:AdaptiveSizePolicyWeight=90 -Dsun.zip.disableMemoryMapping=true -Xmx1G -Xms100m -Xlog:disable -javaagent:c:\Users\DELL\.vscode\extensions\redhat.java-1.36.0-win32-x64\lombok\lombok-1.18.35.jar -XX:+HeapDumpOnOutOfMemoryError -XX:HeapDumpPath=c:\Users\DELL\AppData\Roaming\Code\User\workspaceStorage\a7b85a6b4e666e2a1d3ed8dca0553e40\redhat.java -Daether.dependencyCollector.impl=bf 
java_command: c:\Users\DELL\.vscode\extensions\redhat.java-1.36.0-win32-x64\server\plugins\org.eclipse.equinox.launcher_1.6.900.v20240613-2009.jar -configuration c:\Users\DELL\AppData\Roaming\Code\User\globalStorage\redhat.java\1.36.0\config_win -data c:\Users\DELL\AppData\Roaming\Code\User\workspaceStorage\a7b85a6b4e666e2a1d3ed8dca0553e40\redhat.java\jdt_ws --pipe=\\.\pipe\lsp-2915493eaddeb8c3e9ea7ab437cc6b6c-sock
java_class_path (initial): c:\Users\DELL\.vscode\extensions\redhat.java-1.36.0-win32-x64\server\plugins\org.eclipse.equinox.launcher_1.6.900.v20240613-2009.jar
Launcher Type: SUN_STANDARD

[Global flags]
    uintx AdaptiveSizePolicyWeight                 = 90                                        {product} {command line}
     intx CICompilerCount                          = 2                                         {product} {ergonomic}
    uintx GCTimeRatio                              = 4                                         {product} {command line}
     bool HeapDumpOnOutOfMemoryError               = true                                   {manageable} {command line}
    ccstr HeapDumpPath                             = c:\Users\DELL\AppData\Roaming\Code\User\workspaceStorage\a7b85a6b4e666e2a1d3ed8dca0553e40\redhat.java         {manageable} {command line}
   size_t InitialHeapSize                          = 104857600                                 {product} {command line}
   size_t MaxHeapSize                              = 1073741824                                {product} {command line}
   size_t MaxNewSize                               = 357564416                                 {product} {ergonomic}
   size_t MinHeapDeltaBytes                        = 524288                                    {product} {ergonomic}
   size_t MinHeapSize                              = 104857600                                 {product} {command line}
   size_t NewSize                                  = 34603008                                  {product} {ergonomic}
    uintx NonNMethodCodeHeapSize                   = 5826188                                {pd product} {ergonomic}
    uintx NonProfiledCodeHeapSize                  = 122916026                              {pd product} {ergonomic}
   size_t OldSize                                  = 70254592                                  {product} {ergonomic}
    uintx ProfiledCodeHeapSize                     = 122916026                              {pd product} {ergonomic}
    uintx ReservedCodeCacheSize                    = 251658240                              {pd product} {ergonomic}
     bool SegmentedCodeCache                       = true                                      {product} {ergonomic}
   size_t SoftMaxHeapSize                          = 1073741824                             {manageable} {ergonomic}
     bool UseCompressedClassPointers               = true                           {product lp64_product} {ergonomic}
     bool UseCompressedOops                        = true                           {product lp64_product} {ergonomic}
     bool UseLargePagesIndividualAllocation        = false                                  {pd product} {ergonomic}
     bool UseParallelGC                            = true                                      {product} {command line}

Logging:
Log output configuration:
 #0: stdout all=off uptime,level,tags
 #1: stderr all=off uptime,level,tags

Environment Variables:
PATH=C:\Python312\Scripts\;C:\Python312\;C:\Program Files\Common Files\Oracle\Java\javapath;C:\WINDOWS\system32;C:\WINDOWS;C:\WINDOWS\System32\Wbem;C:\WINDOWS\System32\WindowsPowerShell\v1.0\;C:\WINDOWS\System32\OpenSSH\;C:\Program Files\dotnet\;C:\Users\DELL\Downloads\jdk-20_windows-x64_bin.exe;C:\Program Files\nodejs\;C:\ProgramData\chocolatey\bin;C:\Program Files\MySQL\MySQL Server 8.0\bin;C:\buildTool\apache-maven-3.9.9\bin;C:\Program Files\Git\cmd;C:\Program Files\MySQL\MySQL Shell 8.0\bin\;C:\Users\DELL\AppData\Local\Programs\Python\Python311\Scripts\;C:\Users\DELL\AppData\Local\Programs\Python\Python311\;C:\Users\DELL\AppData\Local\Microsoft\WindowsApps;C:\Users\DELL\AppData\Local\Programs\Microsoft VS Code\bin;C:\Program Files\JetBrains\IntelliJ IDEA Community Edition 2023.3.4\bin;;C:\Users\DELL\AppData\Roaming\npm;C:\Users\DELL\Downloads\flutter_windows_3.24.3-stable\flutter\bin;
USERNAME=DELL
OS=Windows_NT
PROCESSOR_IDENTIFIER=AMD64 Family 23 Model 24 Stepping 1, AuthenticAMD
TMP=C:\Users\DELL\AppData\Local\Temp
TEMP=C:\Users\DELL\AppData\Local\Temp



Periodic native trim disabled


---------------  S Y S T E M  ---------------

OS:
 Windows 11 , 64 bit Build 22621 (10.0.22621.3958)
OS uptime: 10 days 18:46 hours

CPU: total 2 (initial active 2) (2 cores per cpu, 1 threads per core) family 23 model 24 stepping 1 microcode 0x0, cx8, cmov, fxsr, mmx, 3dnowpref, sse, sse2, sse3, ssse3, sse4a, sse4.1, sse4.2, popcnt, lzcnt, tsc, tscinvbit, avx, avx2, aes, clmul, bmi1, bmi2, adx, sha, fma, vzeroupper, clflush, clflushopt
Processor Information for all 2 processors :
  Max Mhz: 2300, Current Mhz: 2300, Mhz Limit: 2300

Memory: 4k page, system-wide physical 6030M (259M free)
TotalPageFile size 16030M (AvailPageFile size 178M)
current process WorkingSet (physical memory assigned to process): 43M, peak: 43M
current process commit charge ("private bytes"): 169M, peak: 169M

vm_info: OpenJDK 64-Bit Server VM (17.0.13+11) for windows-amd64 JRE (17.0.13+11), built on Oct 16 2024 00:10:08 by "admin" with MS VC++ 17.7 (VS2022)

END.
