#
# There is insufficient memory for the Java Runtime Environment to continue.
# Native memory allocation (malloc) failed to allocate 1352496 bytes. Error detail: Chunk::new
# Possible reasons:
#   The system is out of physical RAM or swap space
#   This process is running with CompressedOops enabled, and the Java Heap may be blocking the growth of the native heap
# Possible solutions:
#   Reduce memory load on the system
#   Increase physical memory or swap space
#   Check if swap backing store is full
#   Decrease Java heap size (-Xmx/-Xms)
#   Decrease number of Java threads
#   Decrease Java thread stack sizes (-Xss)
#   Set larger code cache with -XX:ReservedCodeCacheSize=
#   JVM is running with Unscaled Compressed Oops mode in which the Java heap is
#     placed in the first 4GB address space. The Java Heap base address is the
#     maximum limit for the native heap growth. Please use -XX:HeapBaseMinAddress
#     to set the Java Heap base and to place the Java Heap above 4GB virtual address.
# This output file may be truncated or incomplete.
#
#  Out of Memory Error (arena.cpp:191), pid=6932, tid=10920
#
# JRE version: OpenJDK Runtime Environment Temurin-17.0.13+11 (17.0.13+11) (build 17.0.13+11)
# Java VM: OpenJDK 64-Bit Server VM Temurin-17.0.13+11 (17.0.13+11, mixed mode, tiered, compressed oops, compressed class ptrs, parallel gc, windows-amd64)
# No core dump will be written. Minidumps are not enabled by default on client versions of Windows
#

---------------  S U M M A R Y ------------

Command Line: --add-modules=ALL-SYSTEM --add-opens=java.base/java.util=ALL-UNNAMED --add-opens=java.base/java.lang=ALL-UNNAMED --add-opens=java.base/sun.nio.fs=ALL-UNNAMED -Declipse.application=org.eclipse.jdt.ls.core.id1 -Dosgi.bundles.defaultStartLevel=4 -Declipse.product=org.eclipse.jdt.ls.core.product -Djava.import.generatesMetadataFilesAtProjectRoot=false -DDetectVMInstallationsJob.disabled=true -Dfile.encoding=utf8 -XX:+UseParallelGC -XX:GCTimeRatio=4 -XX:AdaptiveSizePolicyWeight=90 -Dsun.zip.disableMemoryMapping=true -Xmx1G -Xms100m -Xlog:disable -javaagent:c:\Users\DELL\.vscode\extensions\redhat.java-1.36.0-win32-x64\lombok\lombok-1.18.35.jar c:\Users\DELL\.vscode\extensions\redhat.java-1.36.0-win32-x64\server\plugins\org.eclipse.equinox.launcher_1.6.900.v20240613-2009.jar -configuration c:\Users\DELL\AppData\Roaming\Code\User\globalStorage\redhat.java\1.36.0\config_ss_win -data c:\Users\DELL\AppData\Roaming\Code\User\workspaceStorage\a7b85a6b4e666e2a1d3ed8dca0553e40\redhat.java\ss_ws --pipe=\\.\pipe\lsp-98ee730437dd4592db910a80b80e6aee-sock

Host: AMD Athlon Silver 3050U with Radeon Graphics   , 2 cores, 5G,  Windows 11 , 64 bit Build 22621 (10.0.22621.3958)
Time: Tue Nov  5 16:00:32 2024 India Standard Time elapsed time: 6.254532 seconds (0d 0h 0m 6s)

---------------  T H R E A D  ---------------

Current thread (0x000002427051fb20):  JavaThread "C2 CompilerThread0" daemon [_thread_in_native, id=10920, stack(0x00000079a2300000,0x00000079a2400000)]


Current CompileTask:
C2:   6254 2938       4       jdk.internal.org.objectweb.asm.Frame::execute (2318 bytes)

Stack: [0x00000079a2300000,0x00000079a2400000]
Native frames: (J=compiled Java code, j=interpreted, Vv=VM code, C=native code)
V  [jvm.dll+0x682a19]
V  [jvm.dll+0x839538]
V  [jvm.dll+0x83afe3]
V  [jvm.dll+0x83b653]
V  [jvm.dll+0x24704f]
V  [jvm.dll+0xace34]
V  [jvm.dll+0xad4cc]
V  [jvm.dll+0x36592f]
V  [jvm.dll+0x32fbd8]
V  [jvm.dll+0x32f05a]
V  [jvm.dll+0x21804f]
V  [jvm.dll+0x21748f]
V  [jvm.dll+0x1a3070]
V  [jvm.dll+0x22788c]
V  [jvm.dll+0x2259eb]
V  [jvm.dll+0x7eec98]
V  [jvm.dll+0x7e8ffc]
V  [jvm.dll+0x6818f7]
C  [ucrtbase.dll+0x29333]
C  [KERNEL32.DLL+0x1257d]
C  [ntdll.dll+0x5af08]


---------------  P R O C E S S  ---------------

Threads class SMR info:
_java_thread_list=0x000002427688da70, length=25, elements={
0x000002425a7bb2a0, 0x000002425a86aff0, 0x000002425a86d620, 0x0000024270519330,
0x000002427051a0c0, 0x000002427051af40, 0x000002427051cc70, 0x000002427051fb20,
0x0000024275104790, 0x0000024275107550, 0x00000242751b5010, 0x0000024275350c90,
0x0000024275cec260, 0x0000024275ccf870, 0x0000024275cb1e40, 0x00000242759cd9e0,
0x00000242759ca9b0, 0x0000024275efb2d0, 0x0000024275efb7e0, 0x0000024275ef9470,
0x0000024275ef8f60, 0x0000024275ef8030, 0x0000024275ef9980, 0x0000024275ef9e90,
0x0000024275efa3a0
}

Java Threads: ( => current thread )
  0x000002425a7bb2a0 JavaThread "main" [_thread_in_Java, id=1552, stack(0x00000079a1900000,0x00000079a1a00000)]
  0x000002425a86aff0 JavaThread "Reference Handler" daemon [_thread_blocked, id=22208, stack(0x00000079a1d00000,0x00000079a1e00000)]
  0x000002425a86d620 JavaThread "Finalizer" daemon [_thread_blocked, id=10176, stack(0x00000079a1e00000,0x00000079a1f00000)]
  0x0000024270519330 JavaThread "Signal Dispatcher" daemon [_thread_blocked, id=19856, stack(0x00000079a1f00000,0x00000079a2000000)]
  0x000002427051a0c0 JavaThread "Attach Listener" daemon [_thread_blocked, id=9752, stack(0x00000079a2000000,0x00000079a2100000)]
  0x000002427051af40 JavaThread "Service Thread" daemon [_thread_blocked, id=16928, stack(0x00000079a2100000,0x00000079a2200000)]
  0x000002427051cc70 JavaThread "Monitor Deflation Thread" daemon [_thread_blocked, id=6384, stack(0x00000079a2200000,0x00000079a2300000)]
=>0x000002427051fb20 JavaThread "C2 CompilerThread0" daemon [_thread_in_native, id=10920, stack(0x00000079a2300000,0x00000079a2400000)]
  0x0000024275104790 JavaThread "C1 CompilerThread0" daemon [_thread_blocked, id=15492, stack(0x00000079a2400000,0x00000079a2500000)]
  0x0000024275107550 JavaThread "Sweeper thread" daemon [_thread_blocked, id=15144, stack(0x00000079a2500000,0x00000079a2600000)]
  0x00000242751b5010 JavaThread "Common-Cleaner" daemon [_thread_blocked, id=17704, stack(0x00000079a2600000,0x00000079a2700000)]
  0x0000024275350c90 JavaThread "Notification Thread" daemon [_thread_blocked, id=1944, stack(0x00000079a2700000,0x00000079a2800000)]
  0x0000024275cec260 JavaThread "Active Thread: Equinox Container: 4b00d100-0044-4a39-99c1-877d8672ecd1" [_thread_blocked, id=1536, stack(0x00000079a2a00000,0x00000079a2b00000)]
  0x0000024275ccf870 JavaThread "Framework Event Dispatcher: Equinox Container: 4b00d100-0044-4a39-99c1-877d8672ecd1" daemon [_thread_blocked, id=6720, stack(0x00000079a2b00000,0x00000079a2c00000)]
  0x0000024275cb1e40 JavaThread "Start Level: Equinox Container: 4b00d100-0044-4a39-99c1-877d8672ecd1" daemon [_thread_blocked, id=18672, stack(0x00000079a2c00000,0x00000079a2d00000)]
  0x00000242759cd9e0 JavaThread "SCR Component Actor" daemon [_thread_blocked, id=7648, stack(0x00000079a2d00000,0x00000079a2e00000)]
  0x00000242759ca9b0 JavaThread "SCR Component Registry" daemon [_thread_blocked, id=19668, stack(0x00000079a2e00000,0x00000079a2f00000)]
  0x0000024275efb2d0 JavaThread "Worker-JM" [_thread_blocked, id=22108, stack(0x00000079a2f00000,0x00000079a3000000)]
  0x0000024275efb7e0 JavaThread "JNA Cleaner" daemon [_thread_blocked, id=5912, stack(0x00000079a3000000,0x00000079a3100000)]
  0x0000024275ef9470 JavaThread "Worker-0" [_thread_blocked, id=11676, stack(0x00000079a3100000,0x00000079a3200000)]
  0x0000024275ef8f60 JavaThread "Worker-1: Initialize After Load" [_thread_in_native, id=21564, stack(0x00000079a3200000,0x00000079a3300000)]
  0x0000024275ef8030 JavaThread "Thread-2" daemon [_thread_in_native, id=10728, stack(0x00000079a3300000,0x00000079a3400000)]
  0x0000024275ef9980 JavaThread "Thread-3" daemon [_thread_in_native, id=10564, stack(0x00000079a3400000,0x00000079a3500000)]
  0x0000024275ef9e90 JavaThread "Thread-4" daemon [_thread_in_native, id=18864, stack(0x00000079a3500000,0x00000079a3600000)]
  0x0000024275efa3a0 JavaThread "pool-2-thread-1" [_thread_blocked, id=1692, stack(0x00000079a3600000,0x00000079a3700000)]

Other Threads:
  0x00000242704d87c0 VMThread "VM Thread" [stack: 0x00000079a1c00000,0x00000079a1d00000] [id=13940]
  0x0000024275351170 WatcherThread [stack: 0x00000079a2800000,0x00000079a2900000] [id=16776]
  0x000002425a7d2560 GCTaskThread "GC Thread#0" [stack: 0x00000079a1b00000,0x00000079a1c00000] [id=22176]
  0x0000024275913060 GCTaskThread "GC Thread#1" [stack: 0x00000079a2900000,0x00000079a2a00000] [id=10868]

Threads with active compile tasks:
C2 CompilerThread0     6277 2938       4       jdk.internal.org.objectweb.asm.Frame::execute (2318 bytes)

VM state: not at safepoint (normal execution)

VM Mutex/Monitor currently owned by a thread: None

Heap address: 0x00000000c0000000, size: 1024 MB, Compressed Oops mode: 32-bit

CDS archive(s) not mapped
Compressed class space mapped at: 0x0000000100000000-0x0000000140000000, reserved size: 1073741824
Narrow klass base: 0x0000000000000000, Narrow klass shift: 3, Narrow klass range: 0x140000000

GC Precious Log:
 CPUs: 2 total, 2 available
 Memory: 6030M
 Large Page Support: Disabled
 NUMA Support: Disabled
 Compressed Oops: Enabled (32-bit)
 Alignments: Space 512K, Generation 512K, Heap 2M
 Heap Min Capacity: 100M
 Heap Initial Capacity: 100M
 Heap Max Capacity: 1G
 Pre-touch: Disabled
 Parallel Workers: 2

Heap:
 PSYoungGen      total 26624K, used 24688K [0x00000000eab00000, 0x00000000ecb80000, 0x0000000100000000)
  eden space 24064K, 92% used [0x00000000eab00000,0x00000000ec0a2220,0x00000000ec280000)
  from space 2560K, 99% used [0x00000000ec400000,0x00000000ec67a140,0x00000000ec680000)
  to   space 4608K, 0% used [0x00000000ec700000,0x00000000ec700000,0x00000000ecb80000)
 ParOldGen       total 68608K, used 8564K [0x00000000c0000000, 0x00000000c4300000, 0x00000000eab00000)
  object space 68608K, 12% used [0x00000000c0000000,0x00000000c085d080,0x00000000c4300000)
 Metaspace       used 33936K, committed 34624K, reserved 1114112K
  class space    used 3349K, committed 3648K, reserved 1048576K

Card table byte_map: [0x000002426de10000,0x000002426e020000] _byte_map_base: 0x000002426d810000

Marking Bits: (ParMarkBitMap*) 0x00007ff99eff6940
 Begin Bits: [0x000002426e180000, 0x000002426f180000)
 End Bits:   [0x000002426f180000, 0x0000024270180000)

Polling page: 0x000002425a630000

Metaspace:

Usage:
  Non-class:     29.87 MB used.
      Class:      3.27 MB used.
       Both:     33.14 MB used.

Virtual space:
  Non-class space:       64.00 MB reserved,      30.25 MB ( 47%) committed,  1 nodes.
      Class space:        1.00 GB reserved,       3.56 MB ( <1%) committed,  1 nodes.
             Both:        1.06 GB reserved,      33.81 MB (  3%) committed. 

Chunk freelists:
   Non-Class:  1.36 MB
       Class:  12.41 MB
        Both:  13.76 MB

MaxMetaspaceSize: unlimited
CompressedClassSpaceSize: 1.00 GB
Initial GC threshold: 21.00 MB
Current GC threshold: 35.00 MB
CDS: off
MetaspaceReclaimPolicy: balanced
 - commit_granule_bytes: 65536.
 - commit_granule_words: 8192.
 - virtual_space_node_default_size: 8388608.
 - enlarge_chunks_in_place: 1.
 - new_chunks_are_fully_committed: 0.
 - uncommit_free_chunks: 1.
 - use_allocation_guard: 0.
 - handle_deallocations: 1.


Internal statistics:

num_allocs_failed_limit: 3.
num_arena_births: 350.
num_arena_deaths: 14.
num_vsnodes_births: 2.
num_vsnodes_deaths: 0.
num_space_committed: 541.
num_space_uncommitted: 0.
num_chunks_returned_to_freelist: 17.
num_chunks_taken_from_freelist: 1367.
num_chunk_merges: 5.
num_chunk_splits: 857.
num_chunks_enlarged: 574.
num_inconsistent_stats: 0.

CodeHeap 'non-profiled nmethods': size=120064Kb used=1345Kb max_used=1345Kb free=118718Kb
 bounds [0x00000242666f0000, 0x0000024266960000, 0x000002426dc30000]
CodeHeap 'profiled nmethods': size=120000Kb used=5987Kb max_used=5987Kb free=114012Kb
 bounds [0x000002425ec30000, 0x000002425f210000, 0x0000024266160000]
CodeHeap 'non-nmethods': size=5696Kb used=1265Kb max_used=1280Kb free=4430Kb
 bounds [0x0000024266160000, 0x00000242663d0000, 0x00000242666f0000]
 total_blobs=3559 nmethods=2974 adapters=499
 compilation: enabled
              stopped_count=0, restarted_count=0
 full_count=0

Compilation events (20 events):
Event: 6.209 Thread 0x0000024275104790 2967   !   3       java.lang.reflect.Executable::declaredAnnotations (85 bytes)
Event: 6.209 Thread 0x0000024275104790 nmethod 2967 0x000002425f204390 code [0x000002425f2045c0, 0x000002425f204e28]
Event: 6.209 Thread 0x0000024275104790 2966       3       java.lang.reflect.Constructor::getRoot (5 bytes)
Event: 6.210 Thread 0x0000024275104790 nmethod 2966 0x000002425f205190 code [0x000002425f205320, 0x000002425f205438]
Event: 6.210 Thread 0x0000024275104790 2968       3       java.lang.reflect.Method::copy (84 bytes)
Event: 6.210 Thread 0x0000024275104790 nmethod 2968 0x000002425f205510 code [0x000002425f2056c0, 0x000002425f205a18]
Event: 6.230 Thread 0x0000024275104790 2970       3       java.lang.ThreadLocal$ThreadLocalMap::getEntryAfterMiss (59 bytes)
Event: 6.231 Thread 0x0000024275104790 nmethod 2970 0x000002425f205b10 code [0x000002425f205d00, 0x000002425f2062e8]
Event: 6.250 Thread 0x0000024275104790 2971       1       sun.reflect.generics.tree.ClassTypeSignature::getPath (5 bytes)
Event: 6.250 Thread 0x0000024275104790 nmethod 2971 0x000002426683f610 code [0x000002426683f7a0, 0x000002426683f878]
Event: 6.250 Thread 0x0000024275104790 2972       1       sun.reflect.generics.tree.SimpleClassTypeSignature::getName (5 bytes)
Event: 6.250 Thread 0x0000024275104790 nmethod 2972 0x000002426683f910 code [0x000002426683faa0, 0x000002426683fb78]
Event: 6.250 Thread 0x0000024275104790 2973       1       sun.reflect.generics.tree.SimpleClassTypeSignature::getDollar (5 bytes)
Event: 6.250 Thread 0x0000024275104790 nmethod 2973 0x000002426683fc10 code [0x000002426683fda0, 0x000002426683fe78]
Event: 6.251 Thread 0x0000024275104790 2974       3       java.util.Collections::singletonIterator (9 bytes)
Event: 6.251 Thread 0x0000024275104790 nmethod 2974 0x000002425f206510 code [0x000002425f2066c0, 0x000002425f2068d8]
Event: 6.251 Thread 0x0000024275104790 2975       3       java.util.Collections$1::next (25 bytes)
Event: 6.252 Thread 0x0000024275104790 nmethod 2975 0x000002425f206a10 code [0x000002425f206bc0, 0x000002425f206de8]
Event: 6.252 Thread 0x0000024275104790 2976       3       jdk.internal.org.objectweb.asm.Frame::merge (395 bytes)
Event: 6.253 Thread 0x0000024275104790 nmethod 2976 0x000002425f206f10 code [0x000002425f2071c0, 0x000002425f207ef8]

GC Heap History (16 events):
Event: 1.976 GC heap before
{Heap before GC invocations=1 (full 0):
 PSYoungGen      total 29696K, used 25600K [0x00000000eab00000, 0x00000000ecc00000, 0x0000000100000000)
  eden space 25600K, 100% used [0x00000000eab00000,0x00000000ec400000,0x00000000ec400000)
  from space 4096K, 0% used [0x00000000ec800000,0x00000000ec800000,0x00000000ecc00000)
  to   space 4096K, 0% used [0x00000000ec400000,0x00000000ec400000,0x00000000ec800000)
 ParOldGen       total 68608K, used 0K [0x00000000c0000000, 0x00000000c4300000, 0x00000000eab00000)
  object space 68608K, 0% used [0x00000000c0000000,0x00000000c0000000,0x00000000c4300000)
 Metaspace       used 10996K, committed 11200K, reserved 1114112K
  class space    used 1095K, committed 1216K, reserved 1048576K
}
Event: 1.984 GC heap after
{Heap after GC invocations=1 (full 0):
 PSYoungGen      total 29696K, used 3165K [0x00000000eab00000, 0x00000000ecc00000, 0x0000000100000000)
  eden space 25600K, 0% used [0x00000000eab00000,0x00000000eab00000,0x00000000ec400000)
  from space 4096K, 77% used [0x00000000ec400000,0x00000000ec7177c8,0x00000000ec800000)
  to   space 4096K, 0% used [0x00000000ec800000,0x00000000ec800000,0x00000000ecc00000)
 ParOldGen       total 68608K, used 16K [0x00000000c0000000, 0x00000000c4300000, 0x00000000eab00000)
  object space 68608K, 0% used [0x00000000c0000000,0x00000000c0004000,0x00000000c4300000)
 Metaspace       used 10996K, committed 11200K, reserved 1114112K
  class space    used 1095K, committed 1216K, reserved 1048576K
}
Event: 3.035 GC heap before
{Heap before GC invocations=2 (full 0):
 PSYoungGen      total 29696K, used 28765K [0x00000000eab00000, 0x00000000ecc00000, 0x0000000100000000)
  eden space 25600K, 100% used [0x00000000eab00000,0x00000000ec400000,0x00000000ec400000)
  from space 4096K, 77% used [0x00000000ec400000,0x00000000ec7177c8,0x00000000ec800000)
  to   space 4096K, 0% used [0x00000000ec800000,0x00000000ec800000,0x00000000ecc00000)
 ParOldGen       total 68608K, used 16K [0x00000000c0000000, 0x00000000c4300000, 0x00000000eab00000)
  object space 68608K, 0% used [0x00000000c0000000,0x00000000c0004000,0x00000000c4300000)
 Metaspace       used 14666K, committed 14848K, reserved 1114112K
  class space    used 1484K, committed 1536K, reserved 1048576K
}
Event: 3.042 GC heap after
{Heap after GC invocations=2 (full 0):
 PSYoungGen      total 29696K, used 4073K [0x00000000eab00000, 0x00000000ecc00000, 0x0000000100000000)
  eden space 25600K, 0% used [0x00000000eab00000,0x00000000eab00000,0x00000000ec400000)
  from space 4096K, 99% used [0x00000000ec800000,0x00000000ecbfa7e0,0x00000000ecc00000)
  to   space 4096K, 0% used [0x00000000ec400000,0x00000000ec400000,0x00000000ec800000)
 ParOldGen       total 68608K, used 800K [0x00000000c0000000, 0x00000000c4300000, 0x00000000eab00000)
  object space 68608K, 1% used [0x00000000c0000000,0x00000000c00c8340,0x00000000c4300000)
 Metaspace       used 14666K, committed 14848K, reserved 1114112K
  class space    used 1484K, committed 1536K, reserved 1048576K
}
Event: 4.111 GC heap before
{Heap before GC invocations=3 (full 0):
 PSYoungGen      total 29696K, used 29673K [0x00000000eab00000, 0x00000000ecc00000, 0x0000000100000000)
  eden space 25600K, 100% used [0x00000000eab00000,0x00000000ec400000,0x00000000ec400000)
  from space 4096K, 99% used [0x00000000ec800000,0x00000000ecbfa7e0,0x00000000ecc00000)
  to   space 4096K, 0% used [0x00000000ec400000,0x00000000ec400000,0x00000000ec800000)
 ParOldGen       total 68608K, used 800K [0x00000000c0000000, 0x00000000c4300000, 0x00000000eab00000)
  object space 68608K, 1% used [0x00000000c0000000,0x00000000c00c8340,0x00000000c4300000)
 Metaspace       used 19655K, committed 20032K, reserved 1114112K
  class space    used 2005K, committed 2176K, reserved 1048576K
}
Event: 4.118 GC heap after
{Heap after GC invocations=3 (full 0):
 PSYoungGen      total 29696K, used 4075K [0x00000000eab00000, 0x00000000ecc00000, 0x0000000100000000)
  eden space 25600K, 0% used [0x00000000eab00000,0x00000000eab00000,0x00000000ec400000)
  from space 4096K, 99% used [0x00000000ec400000,0x00000000ec7fad08,0x00000000ec800000)
  to   space 4096K, 0% used [0x00000000ec800000,0x00000000ec800000,0x00000000ecc00000)
 ParOldGen       total 68608K, used 2477K [0x00000000c0000000, 0x00000000c4300000, 0x00000000eab00000)
  object space 68608K, 3% used [0x00000000c0000000,0x00000000c026b4b0,0x00000000c4300000)
 Metaspace       used 19655K, committed 20032K, reserved 1114112K
  class space    used 2005K, committed 2176K, reserved 1048576K
}
Event: 4.374 GC heap before
{Heap before GC invocations=4 (full 0):
 PSYoungGen      total 29696K, used 11553K [0x00000000eab00000, 0x00000000ecc00000, 0x0000000100000000)
  eden space 25600K, 29% used [0x00000000eab00000,0x00000000eb24dab8,0x00000000ec400000)
  from space 4096K, 99% used [0x00000000ec400000,0x00000000ec7fad08,0x00000000ec800000)
  to   space 4096K, 0% used [0x00000000ec800000,0x00000000ec800000,0x00000000ecc00000)
 ParOldGen       total 68608K, used 2477K [0x00000000c0000000, 0x00000000c4300000, 0x00000000eab00000)
  object space 68608K, 3% used [0x00000000c0000000,0x00000000c026b4b0,0x00000000c4300000)
 Metaspace       used 21061K, committed 21504K, reserved 1114112K
  class space    used 2149K, committed 2368K, reserved 1048576K
}
Event: 4.379 GC heap after
{Heap after GC invocations=4 (full 0):
 PSYoungGen      total 29696K, used 4079K [0x00000000eab00000, 0x00000000ecc00000, 0x0000000100000000)
  eden space 25600K, 0% used [0x00000000eab00000,0x00000000eab00000,0x00000000ec400000)
  from space 4096K, 99% used [0x00000000ec800000,0x00000000ecbfbf40,0x00000000ecc00000)
  to   space 4096K, 0% used [0x00000000ec400000,0x00000000ec400000,0x00000000ec800000)
 ParOldGen       total 68608K, used 2961K [0x00000000c0000000, 0x00000000c4300000, 0x00000000eab00000)
  object space 68608K, 4% used [0x00000000c0000000,0x00000000c02e44d0,0x00000000c4300000)
 Metaspace       used 21061K, committed 21504K, reserved 1114112K
  class space    used 2149K, committed 2368K, reserved 1048576K
}
Event: 4.379 GC heap before
{Heap before GC invocations=5 (full 1):
 PSYoungGen      total 29696K, used 4079K [0x00000000eab00000, 0x00000000ecc00000, 0x0000000100000000)
  eden space 25600K, 0% used [0x00000000eab00000,0x00000000eab00000,0x00000000ec400000)
  from space 4096K, 99% used [0x00000000ec800000,0x00000000ecbfbf40,0x00000000ecc00000)
  to   space 4096K, 0% used [0x00000000ec400000,0x00000000ec400000,0x00000000ec800000)
 ParOldGen       total 68608K, used 2961K [0x00000000c0000000, 0x00000000c4300000, 0x00000000eab00000)
  object space 68608K, 4% used [0x00000000c0000000,0x00000000c02e44d0,0x00000000c4300000)
 Metaspace       used 21061K, committed 21504K, reserved 1114112K
  class space    used 2149K, committed 2368K, reserved 1048576K
}
Event: 4.408 GC heap after
{Heap after GC invocations=5 (full 1):
 PSYoungGen      total 29696K, used 0K [0x00000000eab00000, 0x00000000ecc00000, 0x0000000100000000)
  eden space 25600K, 0% used [0x00000000eab00000,0x00000000eab00000,0x00000000ec400000)
  from space 4096K, 0% used [0x00000000ec800000,0x00000000ec800000,0x00000000ecc00000)
  to   space 4096K, 0% used [0x00000000ec400000,0x00000000ec400000,0x00000000ec800000)
 ParOldGen       total 68608K, used 6923K [0x00000000c0000000, 0x00000000c4300000, 0x00000000eab00000)
  object space 68608K, 10% used [0x00000000c0000000,0x00000000c06c2f18,0x00000000c4300000)
 Metaspace       used 21048K, committed 21504K, reserved 1114112K
  class space    used 2145K, committed 2368K, reserved 1048576K
}
Event: 4.968 GC heap before
{Heap before GC invocations=6 (full 1):
 PSYoungGen      total 29696K, used 25600K [0x00000000eab00000, 0x00000000ecc00000, 0x0000000100000000)
  eden space 25600K, 100% used [0x00000000eab00000,0x00000000ec400000,0x00000000ec400000)
  from space 4096K, 0% used [0x00000000ec800000,0x00000000ec800000,0x00000000ecc00000)
  to   space 4096K, 0% used [0x00000000ec400000,0x00000000ec400000,0x00000000ec800000)
 ParOldGen       total 68608K, used 6923K [0x00000000c0000000, 0x00000000c4300000, 0x00000000eab00000)
  object space 68608K, 10% used [0x00000000c0000000,0x00000000c06c2f18,0x00000000c4300000)
 Metaspace       used 24096K, committed 24640K, reserved 1114112K
  class space    used 2453K, committed 2688K, reserved 1048576K
}
Event: 4.970 GC heap after
{Heap after GC invocations=6 (full 1):
 PSYoungGen      total 27648K, used 2326K [0x00000000eab00000, 0x00000000eca80000, 0x0000000100000000)
  eden space 25088K, 0% used [0x00000000eab00000,0x00000000eab00000,0x00000000ec380000)
  from space 2560K, 90% used [0x00000000ec400000,0x00000000ec645bf0,0x00000000ec680000)
  to   space 3584K, 0% used [0x00000000ec700000,0x00000000ec700000,0x00000000eca80000)
 ParOldGen       total 68608K, used 6931K [0x00000000c0000000, 0x00000000c4300000, 0x00000000eab00000)
  object space 68608K, 10% used [0x00000000c0000000,0x00000000c06c4f18,0x00000000c4300000)
 Metaspace       used 24096K, committed 24640K, reserved 1114112K
  class space    used 2453K, committed 2688K, reserved 1048576K
}
Event: 5.286 GC heap before
{Heap before GC invocations=7 (full 1):
 PSYoungGen      total 27648K, used 27352K [0x00000000eab00000, 0x00000000eca80000, 0x0000000100000000)
  eden space 25088K, 99% used [0x00000000eab00000,0x00000000ec370730,0x00000000ec380000)
  from space 2560K, 90% used [0x00000000ec400000,0x00000000ec645bf0,0x00000000ec680000)
  to   space 3584K, 0% used [0x00000000ec700000,0x00000000ec700000,0x00000000eca80000)
 ParOldGen       total 68608K, used 6931K [0x00000000c0000000, 0x00000000c4300000, 0x00000000eab00000)
  object space 68608K, 10% used [0x00000000c0000000,0x00000000c06c4f18,0x00000000c4300000)
 Metaspace       used 28181K, committed 28800K, reserved 1114112K
  class space    used 2758K, committed 3008K, reserved 1048576K
}
Event: 5.288 GC heap after
{Heap after GC invocations=7 (full 1):
 PSYoungGen      total 26624K, used 1955K [0x00000000eab00000, 0x00000000ec900000, 0x0000000100000000)
  eden space 24576K, 0% used [0x00000000eab00000,0x00000000eab00000,0x00000000ec300000)
  from space 2048K, 95% used [0x00000000ec700000,0x00000000ec8e8f20,0x00000000ec900000)
  to   space 2560K, 0% used [0x00000000ec400000,0x00000000ec400000,0x00000000ec680000)
 ParOldGen       total 68608K, used 6931K [0x00000000c0000000, 0x00000000c4300000, 0x00000000eab00000)
  object space 68608K, 10% used [0x00000000c0000000,0x00000000c06c4f18,0x00000000c4300000)
 Metaspace       used 28181K, committed 28800K, reserved 1114112K
  class space    used 2758K, committed 3008K, reserved 1048576K
}
Event: 5.793 GC heap before
{Heap before GC invocations=8 (full 1):
 PSYoungGen      total 26624K, used 26531K [0x00000000eab00000, 0x00000000ec900000, 0x0000000100000000)
  eden space 24576K, 100% used [0x00000000eab00000,0x00000000ec300000,0x00000000ec300000)
  from space 2048K, 95% used [0x00000000ec700000,0x00000000ec8e8f20,0x00000000ec900000)
  to   space 2560K, 0% used [0x00000000ec400000,0x00000000ec400000,0x00000000ec680000)
 ParOldGen       total 68608K, used 6931K [0x00000000c0000000, 0x00000000c4300000, 0x00000000eab00000)
  object space 68608K, 10% used [0x00000000c0000000,0x00000000c06c4f18,0x00000000c4300000)
 Metaspace       used 30409K, committed 30976K, reserved 1114112K
  class space    used 2938K, committed 3200K, reserved 1048576K
}
Event: 5.798 GC heap after
{Heap after GC invocations=8 (full 1):
 PSYoungGen      total 26624K, used 2536K [0x00000000eab00000, 0x00000000ecb80000, 0x0000000100000000)
  eden space 24064K, 0% used [0x00000000eab00000,0x00000000eab00000,0x00000000ec280000)
  from space 2560K, 99% used [0x00000000ec400000,0x00000000ec67a140,0x00000000ec680000)
  to   space 4608K, 0% used [0x00000000ec700000,0x00000000ec700000,0x00000000ecb80000)
 ParOldGen       total 68608K, used 8564K [0x00000000c0000000, 0x00000000c4300000, 0x00000000eab00000)
  object space 68608K, 12% used [0x00000000c0000000,0x00000000c085d080,0x00000000c4300000)
 Metaspace       used 30409K, committed 30976K, reserved 1114112K
  class space    used 2938K, committed 3200K, reserved 1048576K
}

Dll operation events (10 events):
Event: 0.008 Loaded shared library c:\Users\DELL\.vscode\extensions\redhat.java-1.36.0-win32-x64\jre\17.0.13-win32-x86_64\bin\java.dll
Event: 0.374 Loaded shared library c:\Users\DELL\.vscode\extensions\redhat.java-1.36.0-win32-x64\jre\17.0.13-win32-x86_64\bin\zip.dll
Event: 0.378 Loaded shared library C:\Users\DELL\.vscode\extensions\redhat.java-1.36.0-win32-x64\jre\17.0.13-win32-x86_64\bin\instrument.dll
Event: 0.394 Loaded shared library C:\Users\DELL\.vscode\extensions\redhat.java-1.36.0-win32-x64\jre\17.0.13-win32-x86_64\bin\net.dll
Event: 0.395 Loaded shared library C:\Users\DELL\.vscode\extensions\redhat.java-1.36.0-win32-x64\jre\17.0.13-win32-x86_64\bin\nio.dll
Event: 0.438 Loaded shared library C:\Users\DELL\.vscode\extensions\redhat.java-1.36.0-win32-x64\jre\17.0.13-win32-x86_64\bin\zip.dll
Event: 0.612 Loaded shared library C:\Users\DELL\.vscode\extensions\redhat.java-1.36.0-win32-x64\jre\17.0.13-win32-x86_64\bin\jimage.dll
Event: 0.938 Loaded shared library c:\Users\DELL\.vscode\extensions\redhat.java-1.36.0-win32-x64\jre\17.0.13-win32-x86_64\bin\verify.dll
Event: 2.867 Loaded shared library C:\Users\DELL\AppData\Roaming\Code\User\globalStorage\redhat.java\1.36.0\config_ss_win\org.eclipse.equinox.launcher\org.eclipse.equinox.launcher.win32.win32.x86_64_1.2.1100.v20240722-2106\eclipse_11904.dll
Event: 4.641 Loaded shared library C:\Users\DELL\AppData\Local\Temp\jna-2094529\jna6971140798254472031.dll

Deoptimization events (20 events):
Event: 5.855 Thread 0x0000024275cb1e40 Uncommon trap: trap_request=0xffffff76 fr.pc=0x00000242667be328 relative=0x0000000000000e88
Event: 5.855 Thread 0x0000024275cb1e40 Uncommon trap: reason=predicate action=maybe_recompile pc=0x00000242667be328 method=java.util.Properties$LineReader.readLine()I @ 53 c2
Event: 5.855 Thread 0x0000024275cb1e40 DEOPT PACKING pc=0x00000242667be328 sp=0x00000079a2cfd1f0
Event: 5.855 Thread 0x0000024275cb1e40 DEOPT UNPACKING pc=0x00000242661b66a3 sp=0x00000079a2cfd1a8 mode 2
Event: 6.009 Thread 0x0000024275cb1e40 Uncommon trap: trap_request=0xffffff45 fr.pc=0x00000242667d9674 relative=0x0000000000000a94
Event: 6.009 Thread 0x0000024275cb1e40 Uncommon trap: reason=unstable_if action=reinterpret pc=0x00000242667d9674 method=jdk.internal.org.objectweb.asm.SymbolTable.put(Ljdk/internal/org/objectweb/asm/SymbolTable$Entry;)Ljdk/internal/org/objectweb/asm/SymbolTable$Entry; @ 13 c2
Event: 6.009 Thread 0x0000024275cb1e40 DEOPT PACKING pc=0x00000242667d9674 sp=0x00000079a2cfbd90
Event: 6.009 Thread 0x0000024275cb1e40 DEOPT UNPACKING pc=0x00000242661b66a3 sp=0x00000079a2cfbcd8 mode 2
Event: 6.020 Thread 0x0000024275cb1e40 Uncommon trap: trap_request=0xffffff76 fr.pc=0x000002426682dbe8 relative=0x0000000000000628
Event: 6.020 Thread 0x0000024275cb1e40 Uncommon trap: reason=predicate action=maybe_recompile pc=0x000002426682dbe8 method=java.util.TreeMap.getEntryUsingComparator(Ljava/lang/Object;)Ljava/util/TreeMap$Entry; @ 19 c2
Event: 6.020 Thread 0x0000024275cb1e40 DEOPT PACKING pc=0x000002426682dbe8 sp=0x00000079a2cfc810
Event: 6.020 Thread 0x0000024275cb1e40 DEOPT UNPACKING pc=0x00000242661b66a3 sp=0x00000079a2cfc730 mode 2
Event: 6.051 Thread 0x000002425a7bb2a0 Uncommon trap: trap_request=0xffffff76 fr.pc=0x0000024266829fc8 relative=0x0000000000000608
Event: 6.051 Thread 0x000002425a7bb2a0 Uncommon trap: reason=predicate action=maybe_recompile pc=0x0000024266829fc8 method=java.util.TreeMap.getEntryUsingComparator(Ljava/lang/Object;)Ljava/util/TreeMap$Entry; @ 19 c2
Event: 6.051 Thread 0x000002425a7bb2a0 DEOPT PACKING pc=0x0000024266829fc8 sp=0x00000079a19fdf80
Event: 6.051 Thread 0x000002425a7bb2a0 DEOPT UNPACKING pc=0x00000242661b66a3 sp=0x00000079a19fdf30 mode 2
Event: 6.082 Thread 0x0000024275ef8f60 Uncommon trap: trap_request=0xffffff45 fr.pc=0x00000242668113d0 relative=0x0000000000000f30
Event: 6.082 Thread 0x0000024275ef8f60 Uncommon trap: reason=unstable_if action=reinterpret pc=0x00000242668113d0 method=java.util.Properties.loadConvert([CIILjava/lang/StringBuilder;)Ljava/lang/String; @ 477 c2
Event: 6.082 Thread 0x0000024275ef8f60 DEOPT PACKING pc=0x00000242668113d0 sp=0x00000079a32fd410
Event: 6.082 Thread 0x0000024275ef8f60 DEOPT UNPACKING pc=0x00000242661b66a3 sp=0x00000079a32fd3f0 mode 2

Classes loaded (20 events):
Event: 6.121 Loading class sun/reflect/generics/repository/ClassRepository
Event: 6.121 Loading class sun/reflect/generics/repository/ClassRepository done
Event: 6.121 Loading class sun/reflect/generics/tree/ClassSignature
Event: 6.121 Loading class sun/reflect/generics/tree/ClassSignature done
Event: 6.121 Loading class sun/reflect/generics/tree/TypeVariableSignature
Event: 6.121 Loading class sun/reflect/generics/tree/TypeVariableSignature done
Event: 6.122 Loading class sun/reflect/generics/reflectiveObjects/TypeVariableImpl
Event: 6.122 Loading class sun/reflect/generics/reflectiveObjects/LazyReflectiveObjectGenerator
Event: 6.122 Loading class sun/reflect/generics/reflectiveObjects/LazyReflectiveObjectGenerator done
Event: 6.122 Loading class sun/reflect/generics/reflectiveObjects/TypeVariableImpl done
Event: 6.136 Loading class java/io/UncheckedIOException
Event: 6.136 Loading class java/io/UncheckedIOException done
Event: 6.143 Loading class java/lang/Deprecated
Event: 6.143 Loading class java/lang/Deprecated done
Event: 6.144 Loading class jdk/internal/vm/annotation/IntrinsicCandidate
Event: 6.144 Loading class jdk/internal/vm/annotation/IntrinsicCandidate done
Event: 6.204 Loading class sun/net/www/protocol/https/Handler
Event: 6.210 Loading class sun/net/www/protocol/http/Handler
Event: 6.211 Loading class sun/net/www/protocol/http/Handler done
Event: 6.211 Loading class sun/net/www/protocol/https/Handler done

Classes unloaded (7 events):
Event: 4.385 Thread 0x00000242704d87c0 Unloading class 0x000000010021e400 'java/lang/invoke/LambdaForm$MH+0x000000010021e400'
Event: 4.385 Thread 0x00000242704d87c0 Unloading class 0x000000010021e000 'java/lang/invoke/LambdaForm$MH+0x000000010021e000'
Event: 4.385 Thread 0x00000242704d87c0 Unloading class 0x000000010021dc00 'java/lang/invoke/LambdaForm$MH+0x000000010021dc00'
Event: 4.385 Thread 0x00000242704d87c0 Unloading class 0x000000010021d800 'java/lang/invoke/LambdaForm$MH+0x000000010021d800'
Event: 4.385 Thread 0x00000242704d87c0 Unloading class 0x000000010021d400 'java/lang/invoke/LambdaForm$BMH+0x000000010021d400'
Event: 4.385 Thread 0x00000242704d87c0 Unloading class 0x000000010021d000 'java/lang/invoke/LambdaForm$DMH+0x000000010021d000'
Event: 4.385 Thread 0x00000242704d87c0 Unloading class 0x0000000100218400 'java/lang/invoke/LambdaForm$DMH+0x0000000100218400'

Classes redefined (0 events):
No events

Internal exceptions (20 events):
Event: 5.855 Thread 0x0000024275cb1e40 Implicit null exception at 0x00000242667bd59b to 0x00000242667be308
Event: 5.880 Thread 0x0000024275cb1e40 Exception <a 'java/lang/ClassNotFoundException'{0x00000000eb0148b8}: com/sun/org/apache/xml/internal/serializer/spi/XMLEntitiesProvider> (0x00000000eb0148b8) 
thrown [s\src\hotspot\share\classfile\systemDictionary.cpp, line 256]
Event: 5.995 Thread 0x0000024275cb1e40 Exception <a 'java/io/FileNotFoundException'{0x00000000eb38aff0}> (0x00000000eb38aff0) 
thrown [s\src\hotspot\share\prims\jni.cpp, line 516]
Event: 6.013 Thread 0x0000024275cb1e40 Exception <a 'java/lang/UnsatisfiedLinkError'{0x00000000eb4a1a68}: The specified procedure could not be found.
> (0x00000000eb4a1a68) 
thrown [s\src\hotspot\share\prims\jni.cpp, line 535]
Event: 6.018 Thread 0x0000024275cb1e40 Exception <a 'java/io/FileNotFoundException'{0x00000000eb4b9148}> (0x00000000eb4b9148) 
thrown [s\src\hotspot\share\prims\jni.cpp, line 516]
Event: 6.031 Thread 0x0000024275cb1e40 Exception <a 'java/lang/UnsatisfiedLinkError'{0x00000000eb578a60}: The specified procedure could not be found.
> (0x00000000eb578a60) 
thrown [s\src\hotspot\share\prims\jni.cpp, line 535]
Event: 6.066 Thread 0x000002425a7bb2a0 Exception <a 'java/lang/NoSuchMethodError'{0x00000000eb8d1730}: 'java.lang.Object java.lang.invoke.DirectMethodHandle$Holder.invokeStatic(java.lang.Object, java.lang.Object, long, java.lang.Object)'> (0x00000000eb8d1730) 
thrown [s\src\hotspot\share\interpreter\linkResolver.cpp, line 759]
Event: 6.067 Thread 0x000002425a7bb2a0 Exception <a 'java/lang/NoSuchMethodError'{0x00000000eb8d51c8}: 'java.lang.Object java.lang.invoke.DirectMethodHandle$Holder.invokeStaticInit(java.lang.Object, java.lang.Object, long, java.lang.Object)'> (0x00000000eb8d51c8) 
thrown [s\src\hotspot\share\interpreter\linkResolver.cpp, line 759]
Event: 6.067 Thread 0x000002425a7bb2a0 Exception <a 'java/lang/NoSuchMethodError'{0x00000000eb8db7d8}: 'java.lang.Object java.lang.invoke.DirectMethodHandle$Holder.newInvokeSpecial(java.lang.Object, java.lang.Object, long)'> (0x00000000eb8db7d8) 
thrown [s\src\hotspot\share\interpreter\linkResolver.cpp, line 759]
Event: 6.142 Thread 0x000002425a7bb2a0 Exception <a 'java/lang/NoSuchMethodError'{0x00000000ebda3f68}: 'void java.lang.invoke.DirectMethodHandle$Holder.invokeStatic(java.lang.Object, java.lang.Object, java.lang.Object, java.lang.Object)'> (0x00000000ebda3f68) 
thrown [s\src\hotspot\share\interpreter\linkResolver.cpp, line 759]
Event: 6.181 Thread 0x0000024275ef8f60 Exception <a 'sun/nio/fs/WindowsException'{0x00000000ebe5d148}> (0x00000000ebe5d148) 
thrown [s\src\hotspot\share\prims\jni.cpp, line 516]
Event: 6.181 Thread 0x0000024275ef8f60 Exception <a 'sun/nio/fs/WindowsException'{0x00000000ebe5d9a0}> (0x00000000ebe5d9a0) 
thrown [s\src\hotspot\share\prims\jni.cpp, line 516]
Event: 6.181 Thread 0x0000024275ef8f60 Exception <a 'sun/nio/fs/WindowsException'{0x00000000ebe5e7e8}> (0x00000000ebe5e7e8) 
thrown [s\src\hotspot\share\prims\jni.cpp, line 516]
Event: 6.182 Thread 0x0000024275ef8f60 Exception <a 'sun/nio/fs/WindowsException'{0x00000000ebe5f040}> (0x00000000ebe5f040) 
thrown [s\src\hotspot\share\prims\jni.cpp, line 516]
Event: 6.203 Thread 0x0000024275ef8f60 Exception <a 'sun/nio/fs/WindowsException'{0x00000000ebe754f0}> (0x00000000ebe754f0) 
thrown [s\src\hotspot\share\prims\jni.cpp, line 516]
Event: 6.203 Thread 0x0000024275ef8f60 Exception <a 'sun/nio/fs/WindowsException'{0x00000000ebe75d48}> (0x00000000ebe75d48) 
thrown [s\src\hotspot\share\prims\jni.cpp, line 516]
Event: 6.212 Thread 0x0000024275ef8f60 Exception <a 'sun/nio/fs/WindowsException'{0x00000000ebed7740}> (0x00000000ebed7740) 
thrown [s\src\hotspot\share\prims\jni.cpp, line 516]
Event: 6.212 Thread 0x0000024275ef8f60 Exception <a 'sun/nio/fs/WindowsException'{0x00000000ebed7f98}> (0x00000000ebed7f98) 
thrown [s\src\hotspot\share\prims\jni.cpp, line 516]
Event: 6.216 Thread 0x0000024275ef8f60 Exception <a 'sun/nio/fs/WindowsException'{0x00000000ebed9558}> (0x00000000ebed9558) 
thrown [s\src\hotspot\share\prims\jni.cpp, line 516]
Event: 6.216 Thread 0x0000024275ef8f60 Exception <a 'sun/nio/fs/WindowsException'{0x00000000ebed9b90}> (0x00000000ebed9b90) 
thrown [s\src\hotspot\share\prims\jni.cpp, line 516]

VM Operations (20 events):
Event: 4.728 Executing VM operation: HandshakeAllThreads
Event: 4.728 Executing VM operation: HandshakeAllThreads done
Event: 4.968 Executing VM operation: ParallelGCFailedAllocation
Event: 4.970 Executing VM operation: ParallelGCFailedAllocation done
Event: 5.286 Executing VM operation: ParallelGCFailedAllocation
Event: 5.288 Executing VM operation: ParallelGCFailedAllocation done
Event: 5.641 Executing VM operation: HandshakeAllThreads
Event: 5.641 Executing VM operation: HandshakeAllThreads done
Event: 5.764 Executing VM operation: HandshakeAllThreads
Event: 5.764 Executing VM operation: HandshakeAllThreads done
Event: 5.767 Executing VM operation: HandshakeAllThreads
Event: 5.767 Executing VM operation: HandshakeAllThreads done
Event: 5.793 Executing VM operation: ParallelGCFailedAllocation
Event: 5.798 Executing VM operation: ParallelGCFailedAllocation done
Event: 5.814 Executing VM operation: HandshakeAllThreads
Event: 5.814 Executing VM operation: HandshakeAllThreads done
Event: 5.815 Executing VM operation: HandshakeAllThreads
Event: 5.815 Executing VM operation: HandshakeAllThreads done
Event: 5.910 Executing VM operation: HandshakeAllThreads
Event: 5.910 Executing VM operation: HandshakeAllThreads done

Memory protections (0 events):
No events

Nmethod flushes (0 events):
No events

Events (20 events):
Event: 0.102 Thread 0x000002425a7bb2a0 Thread added: 0x000002427051fb20
Event: 0.107 Thread 0x000002425a7bb2a0 Thread added: 0x0000024275104790
Event: 0.108 Thread 0x000002425a7bb2a0 Thread added: 0x0000024275107550
Event: 0.241 Thread 0x000002425a7bb2a0 Thread added: 0x00000242751b5010
Event: 1.107 Thread 0x000002425a7bb2a0 Thread added: 0x0000024275350c90
Event: 2.554 Thread 0x000002425a7bb2a0 Thread added: 0x0000024275cec260
Event: 2.841 Thread 0x000002425a7bb2a0 Thread added: 0x0000024275ccf870
Event: 2.850 Thread 0x000002425a7bb2a0 Thread added: 0x0000024275cb1e40
Event: 2.923 Thread 0x0000024275cb1e40 Thread added: 0x00000242759cd9e0
Event: 3.119 Thread 0x0000024275cb1e40 Thread added: 0x00000242759ca9b0
Event: 3.598 Thread 0x0000024275cb1e40 Thread added: 0x0000024275efb2d0
Event: 4.665 Thread 0x0000024275cb1e40 Thread added: 0x0000024275efb7e0
Event: 4.698 Thread 0x0000024275cb1e40 Thread added: 0x0000024275ef9470
Event: 4.753 Thread 0x0000024275ef9470 Thread added: 0x0000024275ef8f60
Event: 5.694 Thread 0x0000024275cb1e40 Thread added: 0x0000024275efa8b0
Event: 5.792 Thread 0x0000024275efa8b0 Thread exited: 0x0000024275efa8b0
Event: 6.081 Thread 0x000002425a7bb2a0 Thread added: 0x0000024275ef8030
Event: 6.081 Thread 0x000002425a7bb2a0 Thread added: 0x0000024275ef9980
Event: 6.081 Thread 0x000002425a7bb2a0 Thread added: 0x0000024275ef9e90
Event: 6.101 Thread 0x000002425a7bb2a0 Thread added: 0x0000024275efa3a0


Dynamic libraries:
0x00007ff72b0d0000 - 0x00007ff72b0de000 	c:\Users\DELL\.vscode\extensions\redhat.java-1.36.0-win32-x64\jre\17.0.13-win32-x86_64\bin\java.exe
0x00007ffa11f50000 - 0x00007ffa12167000 	C:\WINDOWS\SYSTEM32\ntdll.dll
0x00007ffa112e0000 - 0x00007ffa113a4000 	C:\WINDOWS\System32\KERNEL32.DLL
0x00007ffa0f4a0000 - 0x00007ffa0f857000 	C:\WINDOWS\System32\KERNELBASE.dll
0x00007ffa0f290000 - 0x00007ffa0f3a1000 	C:\WINDOWS\System32\ucrtbase.dll
0x00007ffa06ca0000 - 0x00007ffa06cb7000 	c:\Users\DELL\.vscode\extensions\redhat.java-1.36.0-win32-x64\jre\17.0.13-win32-x86_64\bin\jli.dll
0x00007ffa10d70000 - 0x00007ffa10f1f000 	C:\WINDOWS\System32\USER32.dll
0x00007ffa0f260000 - 0x00007ffa0f286000 	C:\WINDOWS\System32\win32u.dll
0x00007ffa11ee0000 - 0x00007ffa11f09000 	C:\WINDOWS\System32\GDI32.dll
0x00007ffa0f890000 - 0x00007ffa0f9a8000 	C:\WINDOWS\System32\gdi32full.dll
0x00007ffa0fa70000 - 0x00007ffa0fb0a000 	C:\WINDOWS\System32\msvcp_win.dll
0x00007ffa01cc0000 - 0x00007ffa01cde000 	c:\Users\DELL\.vscode\extensions\redhat.java-1.36.0-win32-x64\jre\17.0.13-win32-x86_64\bin\VCRUNTIME140.dll
0x00007ff9fa3e0000 - 0x00007ff9fa673000 	C:\WINDOWS\WinSxS\amd64_microsoft.windows.common-controls_6595b64144ccf1df_6.0.22621.3672_none_2713b9d173822955\COMCTL32.dll
0x00007ffa0fc80000 - 0x00007ffa0fd27000 	C:\WINDOWS\System32\msvcrt.dll
0x00007ffa11d70000 - 0x00007ffa11da1000 	C:\WINDOWS\System32\IMM32.DLL
0x00007ffa01b50000 - 0x00007ffa01b5c000 	c:\Users\DELL\.vscode\extensions\redhat.java-1.36.0-win32-x64\jre\17.0.13-win32-x86_64\bin\vcruntime140_1.dll
0x00007ff9cb350000 - 0x00007ff9cb3dd000 	c:\Users\DELL\.vscode\extensions\redhat.java-1.36.0-win32-x64\jre\17.0.13-win32-x86_64\bin\msvcp140.dll
0x00007ff99e450000 - 0x00007ff99f0bb000 	c:\Users\DELL\.vscode\extensions\redhat.java-1.36.0-win32-x64\jre\17.0.13-win32-x86_64\bin\server\jvm.dll
0x00007ffa11cb0000 - 0x00007ffa11d62000 	C:\WINDOWS\System32\ADVAPI32.dll
0x00007ffa10bc0000 - 0x00007ffa10c68000 	C:\WINDOWS\System32\sechost.dll
0x00007ffa0f860000 - 0x00007ffa0f888000 	C:\WINDOWS\System32\bcrypt.dll
0x00007ffa11130000 - 0x00007ffa11244000 	C:\WINDOWS\System32\RPCRT4.dll
0x00007ffa10580000 - 0x00007ffa105f1000 	C:\WINDOWS\System32\WS2_32.dll
0x00007ffa0f130000 - 0x00007ffa0f17d000 	C:\WINDOWS\SYSTEM32\POWRPROF.dll
0x00007ffa06bf0000 - 0x00007ffa06c24000 	C:\WINDOWS\SYSTEM32\WINMM.dll
0x00007ffa06be0000 - 0x00007ffa06bea000 	C:\WINDOWS\SYSTEM32\VERSION.dll
0x00007ffa0f110000 - 0x00007ffa0f123000 	C:\WINDOWS\SYSTEM32\UMPDC.dll
0x00007ffa0e2b0000 - 0x00007ffa0e2c8000 	C:\WINDOWS\SYSTEM32\kernel.appcore.dll
0x00007ffa01b40000 - 0x00007ffa01b4a000 	c:\Users\DELL\.vscode\extensions\redhat.java-1.36.0-win32-x64\jre\17.0.13-win32-x86_64\bin\jimage.dll
0x00007ffa03330000 - 0x00007ffa03562000 	C:\WINDOWS\SYSTEM32\DBGHELP.DLL
0x00007ffa10660000 - 0x00007ffa109ee000 	C:\WINDOWS\System32\combase.dll
0x00007ffa10c70000 - 0x00007ffa10d47000 	C:\WINDOWS\System32\OLEAUT32.dll
0x00007ff9fc1a0000 - 0x00007ff9fc1d2000 	C:\WINDOWS\SYSTEM32\dbgcore.DLL
0x00007ffa0f3b0000 - 0x00007ffa0f42b000 	C:\WINDOWS\System32\bcryptPrimitives.dll
0x00007ffa01a40000 - 0x00007ffa01a4e000 	c:\Users\DELL\.vscode\extensions\redhat.java-1.36.0-win32-x64\jre\17.0.13-win32-x86_64\bin\instrument.dll
0x00007ff9d3fc0000 - 0x00007ff9d3fe5000 	c:\Users\DELL\.vscode\extensions\redhat.java-1.36.0-win32-x64\jre\17.0.13-win32-x86_64\bin\java.dll
0x00007ffa012b0000 - 0x00007ffa012c8000 	c:\Users\DELL\.vscode\extensions\redhat.java-1.36.0-win32-x64\jre\17.0.13-win32-x86_64\bin\zip.dll
0x00007ffa113b0000 - 0x00007ffa11c19000 	C:\WINDOWS\System32\SHELL32.dll
0x00007ffa0d1d0000 - 0x00007ffa0dacf000 	C:\WINDOWS\SYSTEM32\windows.storage.dll
0x00007ffa0d090000 - 0x00007ffa0d1cf000 	C:\WINDOWS\SYSTEM32\wintypes.dll
0x00007ffa11de0000 - 0x00007ffa11ed9000 	C:\WINDOWS\System32\SHCORE.dll
0x00007ffa0fd30000 - 0x00007ffa0fd8e000 	C:\WINDOWS\System32\shlwapi.dll
0x00007ffa0f190000 - 0x00007ffa0f1b7000 	C:\WINDOWS\SYSTEM32\profapi.dll
0x00007ff9fe420000 - 0x00007ff9fe439000 	C:\Users\DELL\.vscode\extensions\redhat.java-1.36.0-win32-x64\jre\17.0.13-win32-x86_64\bin\net.dll
0x00007ffa0a040000 - 0x00007ffa0a176000 	C:\WINDOWS\SYSTEM32\WINHTTP.dll
0x00007ffa0e720000 - 0x00007ffa0e789000 	C:\WINDOWS\system32\mswsock.dll
0x00007ff9f4ec0000 - 0x00007ff9f4ed6000 	C:\Users\DELL\.vscode\extensions\redhat.java-1.36.0-win32-x64\jre\17.0.13-win32-x86_64\bin\nio.dll
0x00007ffa01260000 - 0x00007ffa01270000 	c:\Users\DELL\.vscode\extensions\redhat.java-1.36.0-win32-x64\jre\17.0.13-win32-x86_64\bin\verify.dll
0x00007ff9cf600000 - 0x00007ff9cf645000 	C:\Users\DELL\AppData\Roaming\Code\User\globalStorage\redhat.java\1.36.0\config_ss_win\org.eclipse.equinox.launcher\org.eclipse.equinox.launcher.win32.win32.x86_64_1.2.1100.v20240722-2106\eclipse_11904.dll
0x00007ffa109f0000 - 0x00007ffa10b95000 	C:\WINDOWS\System32\ole32.dll
0x00007ffa0e970000 - 0x00007ffa0e98b000 	C:\WINDOWS\SYSTEM32\CRYPTSP.dll
0x00007ffa0e210000 - 0x00007ffa0e245000 	C:\WINDOWS\system32\rsaenh.dll
0x00007ffa0e810000 - 0x00007ffa0e838000 	C:\WINDOWS\SYSTEM32\USERENV.dll
0x00007ffa0e990000 - 0x00007ffa0e99c000 	C:\WINDOWS\SYSTEM32\CRYPTBASE.dll
0x00007ffa0dd70000 - 0x00007ffa0dd9d000 	C:\WINDOWS\SYSTEM32\IPHLPAPI.DLL
0x00007ffa11250000 - 0x00007ffa11259000 	C:\WINDOWS\System32\NSI.dll
0x00007ffa09fe0000 - 0x00007ffa09ff9000 	C:\WINDOWS\SYSTEM32\dhcpcsvc6.DLL
0x00007ffa09fc0000 - 0x00007ffa09fdf000 	C:\WINDOWS\SYSTEM32\dhcpcsvc.DLL
0x00007ffa0ddf0000 - 0x00007ffa0def2000 	C:\WINDOWS\SYSTEM32\DNSAPI.dll
0x00007ff9ce2e0000 - 0x00007ff9ce329000 	C:\Users\DELL\AppData\Local\Temp\jna-2094529\jna6971140798254472031.dll
0x00007ffa11db0000 - 0x00007ffa11db8000 	C:\WINDOWS\System32\PSAPI.DLL

dbghelp: loaded successfully - version: 4.0.5 - missing functions: none
symbol engine: initialized successfully - sym options: 0x614 - pdb path: .;c:\Users\DELL\.vscode\extensions\redhat.java-1.36.0-win32-x64\jre\17.0.13-win32-x86_64\bin;C:\WINDOWS\SYSTEM32;C:\WINDOWS\WinSxS\amd64_microsoft.windows.common-controls_6595b64144ccf1df_6.0.22621.3672_none_2713b9d173822955;c:\Users\DELL\.vscode\extensions\redhat.java-1.36.0-win32-x64\jre\17.0.13-win32-x86_64\bin\server;C:\Users\DELL\AppData\Roaming\Code\User\globalStorage\redhat.java\1.36.0\config_ss_win\org.eclipse.equinox.launcher\org.eclipse.equinox.launcher.win32.win32.x86_64_1.2.1100.v20240722-2106;C:\Users\DELL\AppData\Local\Temp\jna-2094529

VM Arguments:
jvm_args: --add-modules=ALL-SYSTEM --add-opens=java.base/java.util=ALL-UNNAMED --add-opens=java.base/java.lang=ALL-UNNAMED --add-opens=java.base/sun.nio.fs=ALL-UNNAMED -Declipse.application=org.eclipse.jdt.ls.core.id1 -Dosgi.bundles.defaultStartLevel=4 -Declipse.product=org.eclipse.jdt.ls.core.product -Djava.import.generatesMetadataFilesAtProjectRoot=false -DDetectVMInstallationsJob.disabled=true -Dfile.encoding=utf8 -XX:+UseParallelGC -XX:GCTimeRatio=4 -XX:AdaptiveSizePolicyWeight=90 -Dsun.zip.disableMemoryMapping=true -Xmx1G -Xms100m -Xlog:disable -javaagent:c:\Users\DELL\.vscode\extensions\redhat.java-1.36.0-win32-x64\lombok\lombok-1.18.35.jar 
java_command: c:\Users\DELL\.vscode\extensions\redhat.java-1.36.0-win32-x64\server\plugins\org.eclipse.equinox.launcher_1.6.900.v20240613-2009.jar -configuration c:\Users\DELL\AppData\Roaming\Code\User\globalStorage\redhat.java\1.36.0\config_ss_win -data c:\Users\DELL\AppData\Roaming\Code\User\workspaceStorage\a7b85a6b4e666e2a1d3ed8dca0553e40\redhat.java\ss_ws --pipe=\\.\pipe\lsp-98ee730437dd4592db910a80b80e6aee-sock
java_class_path (initial): c:\Users\DELL\.vscode\extensions\redhat.java-1.36.0-win32-x64\server\plugins\org.eclipse.equinox.launcher_1.6.900.v20240613-2009.jar
Launcher Type: SUN_STANDARD

[Global flags]
    uintx AdaptiveSizePolicyWeight                 = 90                                        {product} {command line}
     intx CICompilerCount                          = 2                                         {product} {ergonomic}
    uintx GCTimeRatio                              = 4                                         {product} {command line}
   size_t InitialHeapSize                          = 104857600                                 {product} {command line}
   size_t MaxHeapSize                              = 1073741824                                {product} {command line}
   size_t MaxNewSize                               = 357564416                                 {product} {ergonomic}
   size_t MinHeapDeltaBytes                        = 524288                                    {product} {ergonomic}
   size_t MinHeapSize                              = 104857600                                 {product} {command line}
   size_t NewSize                                  = 34603008                                  {product} {ergonomic}
    uintx NonNMethodCodeHeapSize                   = 5826188                                {pd product} {ergonomic}
    uintx NonProfiledCodeHeapSize                  = 122916026                              {pd product} {ergonomic}
   size_t OldSize                                  = 70254592                                  {product} {ergonomic}
    uintx ProfiledCodeHeapSize                     = 122916026                              {pd product} {ergonomic}
    uintx ReservedCodeCacheSize                    = 251658240                              {pd product} {ergonomic}
     bool SegmentedCodeCache                       = true                                      {product} {ergonomic}
   size_t SoftMaxHeapSize                          = 1073741824                             {manageable} {ergonomic}
     bool UseCompressedClassPointers               = true                           {product lp64_product} {ergonomic}
     bool UseCompressedOops                        = true                           {product lp64_product} {ergonomic}
     bool UseLargePagesIndividualAllocation        = false                                  {pd product} {ergonomic}
     bool UseParallelGC                            = true                                      {product} {command line}

Logging:
Log output configuration:
 #0: stdout all=off uptime,level,tags
 #1: stderr all=off uptime,level,tags

Environment Variables:
PATH=C:\Python312\Scripts\;C:\Python312\;C:\Program Files\Common Files\Oracle\Java\javapath;C:\WINDOWS\system32;C:\WINDOWS;C:\WINDOWS\System32\Wbem;C:\WINDOWS\System32\WindowsPowerShell\v1.0\;C:\WINDOWS\System32\OpenSSH\;C:\Program Files\dotnet\;C:\Users\DELL\Downloads\jdk-20_windows-x64_bin.exe;C:\Program Files\nodejs\;C:\ProgramData\chocolatey\bin;C:\Program Files\MySQL\MySQL Server 8.0\bin;C:\buildTool\apache-maven-3.9.9\bin;C:\Program Files\Git\cmd;C:\Program Files\MySQL\MySQL Shell 8.0\bin\;C:\Users\DELL\AppData\Local\Programs\Python\Python311\Scripts\;C:\Users\DELL\AppData\Local\Programs\Python\Python311\;C:\Users\DELL\AppData\Local\Microsoft\WindowsApps;C:\Users\DELL\AppData\Local\Programs\Microsoft VS Code\bin;C:\Program Files\JetBrains\IntelliJ IDEA Community Edition 2023.3.4\bin;;C:\Users\DELL\AppData\Roaming\npm;C:\Users\DELL\Downloads\flutter_windows_3.24.3-stable\flutter\bin;
USERNAME=DELL
OS=Windows_NT
PROCESSOR_IDENTIFIER=AMD64 Family 23 Model 24 Stepping 1, AuthenticAMD
TMP=C:\Users\DELL\AppData\Local\Temp
TEMP=C:\Users\DELL\AppData\Local\Temp



Periodic native trim disabled


---------------  S Y S T E M  ---------------

OS:
 Windows 11 , 64 bit Build 22621 (10.0.22621.3958)
OS uptime: 10 days 18:48 hours

CPU: total 2 (initial active 2) (2 cores per cpu, 1 threads per core) family 23 model 24 stepping 1 microcode 0x0, cx8, cmov, fxsr, mmx, 3dnowpref, sse, sse2, sse3, ssse3, sse4a, sse4.1, sse4.2, popcnt, lzcnt, tsc, tscinvbit, avx, avx2, aes, clmul, bmi1, bmi2, adx, sha, fma, vzeroupper, clflush, clflushopt
Processor Information for all 2 processors :
  Max Mhz: 2300, Current Mhz: 2300, Mhz Limit: 2300

Memory: 4k page, system-wide physical 6030M (257M free)
TotalPageFile size 16030M (AvailPageFile size 2M)
current process WorkingSet (physical memory assigned to process): 135M, peak: 135M
current process commit charge ("private bytes"): 222M, peak: 223M

vm_info: OpenJDK 64-Bit Server VM (17.0.13+11) for windows-amd64 JRE (17.0.13+11), built on Oct 16 2024 00:10:08 by "admin" with MS VC++ 17.7 (VS2022)

END.
