#
# There is insufficient memory for the Java Runtime Environment to continue.
# Native memory allocation (malloc) failed to allocate 56976 bytes. Error detail: Chunk::new
# Possible reasons:
#   The system is out of physical RAM or swap space
#   This process is running with CompressedOops enabled, and the Java Heap may be blocking the growth of the native heap
# Possible solutions:
#   Reduce memory load on the system
#   Increase physical memory or swap space
#   Check if swap backing store is full
#   Decrease Java heap size (-Xmx/-Xms)
#   Decrease number of Java threads
#   Decrease Java thread stack sizes (-Xss)
#   Set larger code cache with -XX:ReservedCodeCacheSize=
#   JVM is running with Unscaled Compressed Oops mode in which the Java heap is
#     placed in the first 4GB address space. The Java Heap base address is the
#     maximum limit for the native heap growth. Please use -XX:HeapBaseMinAddress
#     to set the Java Heap base and to place the Java Heap above 4GB virtual address.
# This output file may be truncated or incomplete.
#
#  Out of Memory Error (arena.cpp:191), pid=20384, tid=12924
#
# JRE version: OpenJDK Runtime Environment Temurin-17.0.13+11 (17.0.13+11) (build 17.0.13+11)
# Java VM: OpenJDK 64-Bit Server VM Temurin-17.0.13+11 (17.0.13+11, mixed mode, tiered, compressed oops, compressed class ptrs, parallel gc, windows-amd64)
# No core dump will be written. Minidumps are not enabled by default on client versions of Windows
#

---------------  S U M M A R Y ------------

Command Line: --add-modules=ALL-SYSTEM --add-opens=java.base/java.util=ALL-UNNAMED --add-opens=java.base/java.lang=ALL-UNNAMED --add-opens=java.base/sun.nio.fs=ALL-UNNAMED -Declipse.application=org.eclipse.jdt.ls.core.id1 -Dosgi.bundles.defaultStartLevel=4 -Declipse.product=org.eclipse.jdt.ls.core.product -Djava.import.generatesMetadataFilesAtProjectRoot=false -DDetectVMInstallationsJob.disabled=true -Dfile.encoding=utf8 -XX:+UseParallelGC -XX:GCTimeRatio=4 -XX:AdaptiveSizePolicyWeight=90 -Dsun.zip.disableMemoryMapping=true -Xmx1G -Xms100m -Xlog:disable -javaagent:c:\Users\DELL\.vscode\extensions\redhat.java-1.36.0-win32-x64\lombok\lombok-1.18.35.jar c:\Users\DELL\.vscode\extensions\redhat.java-1.36.0-win32-x64\server\plugins\org.eclipse.equinox.launcher_1.6.900.v20240613-2009.jar -configuration c:\Users\DELL\AppData\Roaming\Code\User\globalStorage\redhat.java\1.36.0\config_ss_win -data c:\Users\DELL\AppData\Roaming\Code\User\workspaceStorage\a7b85a6b4e666e2a1d3ed8dca0553e40\redhat.java\ss_ws --pipe=\\.\pipe\lsp-33b5e4969da54102c2afaea8ff6a4be0-sock

Host: AMD Athlon Silver 3050U with Radeon Graphics   , 2 cores, 5G,  Windows 11 , 64 bit Build 22621 (10.0.22621.3958)
Time: Tue Nov  5 15:59:06 2024 India Standard Time elapsed time: 2.155196 seconds (0d 0h 0m 2s)

---------------  T H R E A D  ---------------

Current thread (0x000001d7e244ec00):  JavaThread "C2 CompilerThread0" daemon [_thread_in_native, id=12924, stack(0x00000013ad900000,0x00000013ada00000)]


Current CompileTask:
C2:   2155 1050       4       java.io.DataInputStream::readUTF (501 bytes)

Stack: [0x00000013ad900000,0x00000013ada00000]
Native frames: (J=compiled Java code, j=interpreted, Vv=VM code, C=native code)
V  [jvm.dll+0x682a19]
V  [jvm.dll+0x839538]
V  [jvm.dll+0x83afe3]
V  [jvm.dll+0x83b653]
V  [jvm.dll+0x24704f]
V  [jvm.dll+0xace34]
V  [jvm.dll+0xad4cc]
V  [jvm.dll+0x56a0eb]
V  [jvm.dll+0x1ba421]
V  [jvm.dll+0x2181a7]
V  [jvm.dll+0x21748f]
V  [jvm.dll+0x1a3070]
V  [jvm.dll+0x22788c]
V  [jvm.dll+0x2259eb]
V  [jvm.dll+0x7eec98]
V  [jvm.dll+0x7e8ffc]
V  [jvm.dll+0x6818f7]
C  [ucrtbase.dll+0x29333]
C  [KERNEL32.DLL+0x1257d]
C  [ntdll.dll+0x5af08]


---------------  P R O C E S S  ---------------

Threads class SMR info:
_java_thread_list=0x000001d7e7285e70, length=12, elements={
0x000001d7cc6cc3f0, 0x000001d7cc77aa60, 0x000001d7cc77d090, 0x000001d7e2448320,
0x000001d7e24491a0, 0x000001d7e244a020, 0x000001d7e244bd50, 0x000001d7e244ec00,
0x000001d7e7006580, 0x000001d7e7009340, 0x000001d7e7099010, 0x000001d7e7291150
}

Java Threads: ( => current thread )
  0x000001d7cc6cc3f0 JavaThread "main" [_thread_in_vm, id=12140, stack(0x00000013acf00000,0x00000013ad000000)]
  0x000001d7cc77aa60 JavaThread "Reference Handler" daemon [_thread_blocked, id=17988, stack(0x00000013ad300000,0x00000013ad400000)]
  0x000001d7cc77d090 JavaThread "Finalizer" daemon [_thread_blocked, id=22392, stack(0x00000013ad400000,0x00000013ad500000)]
  0x000001d7e2448320 JavaThread "Signal Dispatcher" daemon [_thread_blocked, id=7996, stack(0x00000013ad500000,0x00000013ad600000)]
  0x000001d7e24491a0 JavaThread "Attach Listener" daemon [_thread_blocked, id=10976, stack(0x00000013ad600000,0x00000013ad700000)]
  0x000001d7e244a020 JavaThread "Service Thread" daemon [_thread_blocked, id=8520, stack(0x00000013ad700000,0x00000013ad800000)]
  0x000001d7e244bd50 JavaThread "Monitor Deflation Thread" daemon [_thread_blocked, id=15324, stack(0x00000013ad800000,0x00000013ad900000)]
=>0x000001d7e244ec00 JavaThread "C2 CompilerThread0" daemon [_thread_in_native, id=12924, stack(0x00000013ad900000,0x00000013ada00000)]
  0x000001d7e7006580 JavaThread "C1 CompilerThread0" daemon [_thread_blocked, id=1072, stack(0x00000013ada00000,0x00000013adb00000)]
  0x000001d7e7009340 JavaThread "Sweeper thread" daemon [_thread_blocked, id=15792, stack(0x00000013adb00000,0x00000013adc00000)]
  0x000001d7e7099010 JavaThread "Common-Cleaner" daemon [_thread_blocked, id=19380, stack(0x00000013adc00000,0x00000013add00000)]
  0x000001d7e7291150 JavaThread "Notification Thread" daemon [_thread_blocked, id=2556, stack(0x00000013add00000,0x00000013ade00000)]

Other Threads:
  0x000001d7cc776d00 VMThread "VM Thread" [stack: 0x00000013ad200000,0x00000013ad300000] [id=17696]
  0x000001d7e7291630 WatcherThread [stack: 0x00000013ade00000,0x00000013adf00000] [id=10600]
  0x000001d7cc6e16a0 GCTaskThread "GC Thread#0" [stack: 0x00000013ad100000,0x00000013ad200000] [id=6460]
  0x000001d7e75120b0 GCTaskThread "GC Thread#1" [stack: 0x00000013adf00000,0x00000013ae000000] [id=17612]

Threads with active compile tasks:
C2 CompilerThread0     2176 1050       4       java.io.DataInputStream::readUTF (501 bytes)

VM state: not at safepoint (normal execution)

VM Mutex/Monitor currently owned by a thread:  ([mutex/lock_event])
[0x000001d7cc6c8990] MethodCompileQueue_lock - owner thread: 0x000001d7cc6cc3f0

Heap address: 0x00000000c0000000, size: 1024 MB, Compressed Oops mode: 32-bit

CDS archive(s) not mapped
Compressed class space mapped at: 0x0000000100000000-0x0000000140000000, reserved size: 1073741824
Narrow klass base: 0x0000000000000000, Narrow klass shift: 3, Narrow klass range: 0x140000000

GC Precious Log:
 CPUs: 2 total, 2 available
 Memory: 6030M
 Large Page Support: Disabled
 NUMA Support: Disabled
 Compressed Oops: Enabled (32-bit)
 Alignments: Space 512K, Generation 512K, Heap 2M
 Heap Min Capacity: 100M
 Heap Initial Capacity: 100M
 Heap Max Capacity: 1G
 Pre-touch: Disabled
 Parallel Workers: 2

Heap:
 PSYoungGen      total 29696K, used 8022K [0x00000000eab00000, 0x00000000ecc00000, 0x0000000100000000)
  eden space 25600K, 18% used [0x00000000eab00000,0x00000000eafbc8b8,0x00000000ec400000)
  from space 4096K, 77% used [0x00000000ec400000,0x00000000ec719340,0x00000000ec800000)
  to   space 4096K, 0% used [0x00000000ec800000,0x00000000ec800000,0x00000000ecc00000)
 ParOldGen       total 68608K, used 0K [0x00000000c0000000, 0x00000000c4300000, 0x00000000eab00000)
  object space 68608K, 0% used [0x00000000c0000000,0x00000000c0000000,0x00000000c4300000)
 Metaspace       used 11900K, committed 12032K, reserved 1114112K
  class space    used 1177K, committed 1216K, reserved 1048576K

Card table byte_map: [0x000001d7dfd40000,0x000001d7dff50000] _byte_map_base: 0x000001d7df740000

Marking Bits: (ParMarkBitMap*) 0x00007ff99eff6940
 Begin Bits: [0x000001d7e00b0000, 0x000001d7e10b0000)
 End Bits:   [0x000001d7e10b0000, 0x000001d7e20b0000)

Polling page: 0x000001d7cc780000

Metaspace:

Usage:
  Non-class:     10.47 MB used.
      Class:      1.15 MB used.
       Both:     11.62 MB used.

Virtual space:
  Non-class space:       64.00 MB reserved,      10.56 MB ( 17%) committed,  1 nodes.
      Class space:        1.00 GB reserved,       1.19 MB ( <1%) committed,  1 nodes.
             Both:        1.06 GB reserved,      11.75 MB (  1%) committed. 

Chunk freelists:
   Non-Class:  4.56 MB
       Class:  14.64 MB
        Both:  19.20 MB

MaxMetaspaceSize: unlimited
CompressedClassSpaceSize: 1.00 GB
Initial GC threshold: 21.00 MB
Current GC threshold: 21.00 MB
CDS: off
MetaspaceReclaimPolicy: balanced
 - commit_granule_bytes: 65536.
 - commit_granule_words: 8192.
 - virtual_space_node_default_size: 8388608.
 - enlarge_chunks_in_place: 1.
 - new_chunks_are_fully_committed: 0.
 - uncommit_free_chunks: 1.
 - use_allocation_guard: 0.
 - handle_deallocations: 1.


Internal statistics:

num_allocs_failed_limit: 0.
num_arena_births: 30.
num_arena_deaths: 0.
num_vsnodes_births: 2.
num_vsnodes_deaths: 0.
num_space_committed: 188.
num_space_uncommitted: 0.
num_chunks_returned_to_freelist: 0.
num_chunks_taken_from_freelist: 131.
num_chunk_merges: 0.
num_chunk_splits: 87.
num_chunks_enlarged: 74.
num_inconsistent_stats: 0.

CodeHeap 'non-profiled nmethods': size=120064Kb used=407Kb max_used=407Kb free=119656Kb
 bounds [0x000001d7d8620000, 0x000001d7d8890000, 0x000001d7dfb60000]
CodeHeap 'profiled nmethods': size=120000Kb used=1886Kb max_used=1886Kb free=118113Kb
 bounds [0x000001d7d0b60000, 0x000001d7d0dd0000, 0x000001d7d8090000]
CodeHeap 'non-nmethods': size=5696Kb used=1144Kb max_used=1158Kb free=4551Kb
 bounds [0x000001d7d8090000, 0x000001d7d8300000, 0x000001d7d8620000]
 total_blobs=1507 nmethods=1069 adapters=353
 compilation: enabled
              stopped_count=0, restarted_count=0
 full_count=0

Compilation events (20 events):
Event: 2.132 Thread 0x000001d7e7006580 1056       3       org.eclipse.osgi.container.ModuleDatabase$Persistence::readVersion0 (96 bytes)
Event: 2.133 Thread 0x000001d7e7006580 nmethod 1056 0x000001d7d0d2cb10 code [0x000001d7d0d2cda0, 0x000001d7d0d2d6f8]
Event: 2.133 Thread 0x000001d7e7006580 1057       3       org.eclipse.osgi.container.ModuleDatabase$Persistence::readIndexedMap (16 bytes)
Event: 2.133 Thread 0x000001d7e7006580 nmethod 1057 0x000001d7d0d2db10 code [0x000001d7d0d2dcc0, 0x000001d7d0d2de68]
Event: 2.133 Thread 0x000001d7e7006580 1058       3       java.util.Collections::unmodifiableMap (20 bytes)
Event: 2.133 Thread 0x000001d7e7006580 nmethod 1058 0x000001d7d0d2df90 code [0x000001d7d0d2e160, 0x000001d7d0d2e508]
Event: 2.134 Thread 0x000001d7e7006580 1059       3       org.eclipse.osgi.container.ModuleDatabase$Persistence::readMap (118 bytes)
Event: 2.134 Thread 0x000001d7e7006580 nmethod 1059 0x000001d7d0d2e690 code [0x000001d7d0d2e9a0, 0x000001d7d0d2f948]
Event: 2.135 Thread 0x000001d7e7006580 1060       3       org.eclipse.osgi.container.ModuleDatabase$Persistence::readListValue (97 bytes)
Event: 2.136 Thread 0x000001d7e7006580 nmethod 1060 0x000001d7d0d30010 code [0x000001d7d0d302a0, 0x000001d7d0d30ba8]
Event: 2.140 Thread 0x000001d7e7006580 1063       3       org.eclipse.osgi.container.ModuleDatabase$Persistence::readList (78 bytes)
Event: 2.141 Thread 0x000001d7e7006580 nmethod 1063 0x000001d7d0d30f90 code [0x000001d7d0d31240, 0x000001d7d0d31e98]
Event: 2.147 Thread 0x000001d7e7006580 1064       3       sun.net.www.protocol.jar.Handler::parseURL (173 bytes)
Event: 2.148 Thread 0x000001d7e7006580 nmethod 1064 0x000001d7d0d32410 code [0x000001d7d0d326c0, 0x000001d7d0d33218]
Event: 2.150 Thread 0x000001d7e7006580 1065       3       org.eclipse.osgi.container.ModuleRevisionBuilder::unmodifiableMap (86 bytes)
Event: 2.151 Thread 0x000001d7e7006580 nmethod 1065 0x000001d7d0d33710 code [0x000001d7d0d339a0, 0x000001d7d0d346e8]
Event: 2.152 Thread 0x000001d7e7006580 1066       1       org.eclipse.osgi.container.ModuleRevisionBuilder$GenericInfo::getNamespace (5 bytes)
Event: 2.152 Thread 0x000001d7e7006580 nmethod 1066 0x000001d7d8685890 code [0x000001d7d8685a20, 0x000001d7d8685af8]
Event: 2.152 Thread 0x000001d7e7006580 1067       1       java.util.Collections$EmptyMap::size (2 bytes)
Event: 2.152 Thread 0x000001d7e7006580 nmethod 1067 0x000001d7d8685b90 code [0x000001d7d8685d20, 0x000001d7d8685df8]

GC Heap History (2 events):
Event: 1.935 GC heap before
{Heap before GC invocations=1 (full 0):
 PSYoungGen      total 29696K, used 25600K [0x00000000eab00000, 0x00000000ecc00000, 0x0000000100000000)
  eden space 25600K, 100% used [0x00000000eab00000,0x00000000ec400000,0x00000000ec400000)
  from space 4096K, 0% used [0x00000000ec800000,0x00000000ec800000,0x00000000ecc00000)
  to   space 4096K, 0% used [0x00000000ec400000,0x00000000ec400000,0x00000000ec800000)
 ParOldGen       total 68608K, used 0K [0x00000000c0000000, 0x00000000c4300000, 0x00000000eab00000)
  object space 68608K, 0% used [0x00000000c0000000,0x00000000c0000000,0x00000000c4300000)
 Metaspace       used 11006K, committed 11200K, reserved 1114112K
  class space    used 1095K, committed 1216K, reserved 1048576K
}
Event: 1.949 GC heap after
{Heap after GC invocations=1 (full 0):
 PSYoungGen      total 29696K, used 3172K [0x00000000eab00000, 0x00000000ecc00000, 0x0000000100000000)
  eden space 25600K, 0% used [0x00000000eab00000,0x00000000eab00000,0x00000000ec400000)
  from space 4096K, 77% used [0x00000000ec400000,0x00000000ec719340,0x00000000ec800000)
  to   space 4096K, 0% used [0x00000000ec800000,0x00000000ec800000,0x00000000ecc00000)
 ParOldGen       total 68608K, used 0K [0x00000000c0000000, 0x00000000c4300000, 0x00000000eab00000)
  object space 68608K, 0% used [0x00000000c0000000,0x00000000c0000000,0x00000000c4300000)
 Metaspace       used 11006K, committed 11200K, reserved 1114112K
  class space    used 1095K, committed 1216K, reserved 1048576K
}

Dll operation events (8 events):
Event: 0.064 Loaded shared library c:\Users\DELL\.vscode\extensions\redhat.java-1.36.0-win32-x64\jre\17.0.13-win32-x86_64\bin\java.dll
Event: 0.417 Loaded shared library c:\Users\DELL\.vscode\extensions\redhat.java-1.36.0-win32-x64\jre\17.0.13-win32-x86_64\bin\zip.dll
Event: 0.422 Loaded shared library C:\Users\DELL\.vscode\extensions\redhat.java-1.36.0-win32-x64\jre\17.0.13-win32-x86_64\bin\instrument.dll
Event: 0.438 Loaded shared library C:\Users\DELL\.vscode\extensions\redhat.java-1.36.0-win32-x64\jre\17.0.13-win32-x86_64\bin\net.dll
Event: 0.440 Loaded shared library C:\Users\DELL\.vscode\extensions\redhat.java-1.36.0-win32-x64\jre\17.0.13-win32-x86_64\bin\nio.dll
Event: 0.457 Loaded shared library C:\Users\DELL\.vscode\extensions\redhat.java-1.36.0-win32-x64\jre\17.0.13-win32-x86_64\bin\zip.dll
Event: 0.479 Loaded shared library C:\Users\DELL\.vscode\extensions\redhat.java-1.36.0-win32-x64\jre\17.0.13-win32-x86_64\bin\jimage.dll
Event: 0.575 Loaded shared library c:\Users\DELL\.vscode\extensions\redhat.java-1.36.0-win32-x64\jre\17.0.13-win32-x86_64\bin\verify.dll

Deoptimization events (20 events):
Event: 1.789 Thread 0x000001d7cc6cc3f0 DEOPT PACKING pc=0x000001d7d864e01c sp=0x00000013acffe7a0
Event: 1.789 Thread 0x000001d7cc6cc3f0 DEOPT UNPACKING pc=0x000001d7d80e66a3 sp=0x00000013acffe750 mode 2
Event: 1.846 Thread 0x000001d7cc6cc3f0 Uncommon trap: trap_request=0xffffff45 fr.pc=0x000001d7d8678d9c relative=0x00000000000009dc
Event: 1.846 Thread 0x000001d7cc6cc3f0 Uncommon trap: reason=unstable_if action=reinterpret pc=0x000001d7d8678d9c method=java.util.HashMap.hash(Ljava/lang/Object;)I @ 1 c2
Event: 1.846 Thread 0x000001d7cc6cc3f0 DEOPT PACKING pc=0x000001d7d8678d9c sp=0x00000013acffe600
Event: 1.846 Thread 0x000001d7cc6cc3f0 DEOPT UNPACKING pc=0x000001d7d80e66a3 sp=0x00000013acffe570 mode 2
Event: 1.846 Thread 0x000001d7cc6cc3f0 Uncommon trap: trap_request=0xffffff45 fr.pc=0x000001d7d86738f0 relative=0x00000000000002b0
Event: 1.846 Thread 0x000001d7cc6cc3f0 Uncommon trap: reason=unstable_if action=reinterpret pc=0x000001d7d86738f0 method=java.util.HashMap.hash(Ljava/lang/Object;)I @ 1 c2
Event: 1.846 Thread 0x000001d7cc6cc3f0 DEOPT PACKING pc=0x000001d7d86738f0 sp=0x00000013acffe520
Event: 1.846 Thread 0x000001d7cc6cc3f0 DEOPT UNPACKING pc=0x000001d7d80e66a3 sp=0x00000013acffe3c8 mode 2
Event: 1.846 Thread 0x000001d7cc6cc3f0 Uncommon trap: trap_request=0xffffff45 fr.pc=0x000001d7d8673164 relative=0x00000000000002a4
Event: 1.846 Thread 0x000001d7cc6cc3f0 Uncommon trap: reason=unstable_if action=reinterpret pc=0x000001d7d8673164 method=java.util.HashMap.hash(Ljava/lang/Object;)I @ 1 c2
Event: 1.846 Thread 0x000001d7cc6cc3f0 DEOPT PACKING pc=0x000001d7d8673164 sp=0x00000013acffe5c0
Event: 1.846 Thread 0x000001d7cc6cc3f0 DEOPT UNPACKING pc=0x000001d7d80e66a3 sp=0x00000013acffe4d8 mode 2
Event: 1.846 Thread 0x000001d7cc6cc3f0 Uncommon trap: trap_request=0xffffff45 fr.pc=0x000001d7d8665694 relative=0x0000000000000094
Event: 1.846 Thread 0x000001d7cc6cc3f0 Uncommon trap: reason=unstable_if action=reinterpret pc=0x000001d7d8665694 method=java.util.HashMap.hash(Ljava/lang/Object;)I @ 1 c2
Event: 1.846 Thread 0x000001d7cc6cc3f0 DEOPT PACKING pc=0x000001d7d8665694 sp=0x00000013acffe430
Event: 1.846 Thread 0x000001d7cc6cc3f0 DEOPT UNPACKING pc=0x000001d7d80e66a3 sp=0x00000013acffe3c8 mode 2
Event: 1.872 Thread 0x000001d7cc6cc3f0 DEOPT PACKING pc=0x000001d7d0bace8a sp=0x00000013acff9f90
Event: 1.872 Thread 0x000001d7cc6cc3f0 DEOPT UNPACKING pc=0x000001d7d80e6e43 sp=0x00000013acff93f0 mode 0

Classes loaded (20 events):
Event: 2.099 Loading class java/util/AbstractQueue done
Event: 2.099 Loading class java/util/concurrent/SynchronousQueue done
Event: 2.099 Loading class java/util/concurrent/SynchronousQueue$TransferStack
Event: 2.099 Loading class java/util/concurrent/SynchronousQueue$Transferer
Event: 2.099 Loading class java/util/concurrent/SynchronousQueue$Transferer done
Event: 2.099 Loading class java/util/concurrent/SynchronousQueue$TransferStack done
Event: 2.099 Loading class java/util/concurrent/SynchronousQueue$TransferStack$SNode
Event: 2.099 Loading class java/util/concurrent/ForkJoinPool$ManagedBlocker
Event: 2.099 Loading class java/util/concurrent/ForkJoinPool$ManagedBlocker done
Event: 2.099 Loading class java/util/concurrent/SynchronousQueue$TransferStack$SNode done
Event: 2.102 Loading class java/util/concurrent/RejectedExecutionHandler
Event: 2.103 Loading class java/util/concurrent/RejectedExecutionHandler done
Event: 2.103 Loading class java/util/concurrent/LinkedBlockingQueue
Event: 2.104 Loading class java/util/concurrent/LinkedBlockingQueue done
Event: 2.104 Loading class java/util/concurrent/LinkedBlockingQueue$Node
Event: 2.104 Loading class java/util/concurrent/LinkedBlockingQueue$Node done
Event: 2.116 Loading class java/util/concurrent/Semaphore$NonfairSync
Event: 2.116 Loading class java/util/concurrent/Semaphore$Sync
Event: 2.116 Loading class java/util/concurrent/Semaphore$Sync done
Event: 2.116 Loading class java/util/concurrent/Semaphore$NonfairSync done

Classes unloaded (0 events):
No events

Classes redefined (0 events):
No events

Internal exceptions (20 events):
Event: 1.167 Thread 0x000001d7cc6cc3f0 Exception <a 'java/io/FileNotFoundException'{0x00000000eb882420}> (0x00000000eb882420) 
thrown [s\src\hotspot\share\prims\jni.cpp, line 516]
Event: 1.168 Thread 0x000001d7cc6cc3f0 Exception <a 'java/io/FileNotFoundException'{0x00000000eb8830f0}> (0x00000000eb8830f0) 
thrown [s\src\hotspot\share\prims\jni.cpp, line 516]
Event: 1.173 Thread 0x000001d7cc6cc3f0 Implicit null exception at 0x000001d7d86470f2 to 0x000001d7d8647610
Event: 1.173 Thread 0x000001d7cc6cc3f0 Implicit null exception at 0x000001d7d8647c72 to 0x000001d7d86481a0
Event: 1.175 Thread 0x000001d7cc6cc3f0 Exception <a 'java/io/FileNotFoundException'{0x00000000eb8bbf08}> (0x00000000eb8bbf08) 
thrown [s\src\hotspot\share\prims\jni.cpp, line 516]
Event: 1.757 Thread 0x000001d7cc6cc3f0 Exception <a 'java/lang/ClassNotFoundException'{0x00000000ec0e9ae8}: sun/net/www/protocol/c/Handler> (0x00000000ec0e9ae8) 
thrown [s\src\hotspot\share\classfile\systemDictionary.cpp, line 256]
Event: 1.768 Thread 0x000001d7cc6cc3f0 Exception <a 'java/lang/ClassNotFoundException'{0x00000000ec0eae88}: sun/net/www/protocol/c/Handler> (0x00000000ec0eae88) 
thrown [s\src\hotspot\share\classfile\systemDictionary.cpp, line 256]
Event: 1.768 Thread 0x000001d7cc6cc3f0 Exception <a 'java/lang/ClassNotFoundException'{0x00000000ec0ec0a0}: sun/net/www/protocol/c/Handler> (0x00000000ec0ec0a0) 
thrown [s\src\hotspot\share\classfile\systemDictionary.cpp, line 256]
Event: 1.789 Thread 0x000001d7cc6cc3f0 Exception <a 'java/io/FileNotFoundException'{0x00000000ec110108}> (0x00000000ec110108) 
thrown [s\src\hotspot\share\prims\jni.cpp, line 516]
Event: 1.846 Thread 0x000001d7cc6cc3f0 Implicit null exception at 0x000001d7d86783fb to 0x000001d7d8678d84
Event: 1.846 Thread 0x000001d7cc6cc3f0 Implicit null exception at 0x000001d7d867368c to 0x000001d7d86738d4
Event: 1.846 Thread 0x000001d7cc6cc3f0 Implicit null exception at 0x000001d7d8672f0e to 0x000001d7d8673144
Event: 1.846 Thread 0x000001d7cc6cc3f0 Implicit null exception at 0x000001d7d866560f to 0x000001d7d8665685
Event: 1.931 Thread 0x000001d7cc6cc3f0 Exception <a 'java/lang/NoSuchMethodError'{0x00000000ec3f1ca0}: 'int java.lang.invoke.DirectMethodHandle$Holder.invokeStaticInit(java.lang.Object, java.lang.Object, java.lang.Object, java.lang.Object)'> (0x00000000ec3f1ca0) 
thrown [s\src\hotspot\share\interpreter\linkResolver.cpp, line 759]
Event: 1.933 Thread 0x000001d7cc6cc3f0 Exception <a 'java/lang/NoSuchMethodError'{0x00000000ec3fc300}: 'java.lang.Object java.lang.invoke.DirectMethodHandle$Holder.invokeInterface(java.lang.Object, java.lang.Object)'> (0x00000000ec3fc300) 
thrown [s\src\hotspot\share\interpreter\linkResolver.cpp, line 759]
Event: 1.949 Thread 0x000001d7cc6cc3f0 Exception <a 'java/lang/IncompatibleClassChangeError'{0x00000000ec6f8518}: Found class java.lang.Object, but interface was expected> (0x00000000ec6f8518) 
thrown [s\src\hotspot\share\interpreter\linkResolver.cpp, line 826]
Event: 1.951 Thread 0x000001d7cc6cc3f0 Exception <a 'java/lang/NoSuchMethodError'{0x00000000eab043a0}: 'void java.lang.invoke.DirectMethodHandle$Holder.invokeStatic(java.lang.Object, java.lang.Object)'> (0x00000000eab043a0) 
thrown [s\src\hotspot\share\interpreter\linkResolver.cpp, line 759]
Event: 1.957 Thread 0x000001d7cc6cc3f0 Exception <a 'java/lang/NoSuchMethodError'{0x00000000eab07ba0}: 'void java.lang.invoke.DirectMethodHandle$Holder.invokeStaticInit(java.lang.Object, java.lang.Object)'> (0x00000000eab07ba0) 
thrown [s\src\hotspot\share\interpreter\linkResolver.cpp, line 759]
Event: 1.958 Thread 0x000001d7cc6cc3f0 Exception <a 'java/lang/NoSuchMethodError'{0x00000000eab0f010}: 'int java.lang.invoke.DirectMethodHandle$Holder.invokeStaticInit(java.lang.Object, java.lang.Object)'> (0x00000000eab0f010) 
thrown [s\src\hotspot\share\interpreter\linkResolver.cpp, line 759]
Event: 2.060 Thread 0x000001d7cc6cc3f0 Exception <a 'java/lang/NoSuchMethodError'{0x00000000eac3aad0}: 'void java.lang.invoke.DirectMethodHandle$Holder.invokeSpecial(java.lang.Object, java.lang.Object, java.lang.Object)'> (0x00000000eac3aad0) 
thrown [s\src\hotspot\share\interpreter\linkResolver.cpp, line 759]

VM Operations (14 events):
Event: 0.382 Executing VM operation: HandshakeAllThreads
Event: 0.382 Executing VM operation: HandshakeAllThreads done
Event: 0.510 Executing VM operation: HandshakeAllThreads
Event: 0.510 Executing VM operation: HandshakeAllThreads done
Event: 1.047 Executing VM operation: HandshakeAllThreads
Event: 1.047 Executing VM operation: HandshakeAllThreads done
Event: 1.152 Executing VM operation: HandshakeAllThreads
Event: 1.152 Executing VM operation: HandshakeAllThreads done
Event: 1.152 Executing VM operation: Cleanup
Event: 1.152 Executing VM operation: Cleanup done
Event: 1.730 Executing VM operation: HandshakeAllThreads
Event: 1.730 Executing VM operation: HandshakeAllThreads done
Event: 1.934 Executing VM operation: ParallelGCFailedAllocation
Event: 1.949 Executing VM operation: ParallelGCFailedAllocation done

Memory protections (0 events):
No events

Nmethod flushes (0 events):
No events

Events (12 events):
Event: 0.097 Thread 0x000001d7cc6cc3f0 Thread added: 0x000001d7cc6cc3f0
Event: 0.128 Thread 0x000001d7cc6cc3f0 Thread added: 0x000001d7cc77aa60
Event: 0.128 Thread 0x000001d7cc6cc3f0 Thread added: 0x000001d7cc77d090
Event: 0.147 Thread 0x000001d7cc6cc3f0 Thread added: 0x000001d7e2448320
Event: 0.147 Thread 0x000001d7cc6cc3f0 Thread added: 0x000001d7e24491a0
Event: 0.147 Thread 0x000001d7cc6cc3f0 Thread added: 0x000001d7e244a020
Event: 0.147 Thread 0x000001d7cc6cc3f0 Thread added: 0x000001d7e244bd50
Event: 0.147 Thread 0x000001d7cc6cc3f0 Thread added: 0x000001d7e244ec00
Event: 0.158 Thread 0x000001d7cc6cc3f0 Thread added: 0x000001d7e7006580
Event: 0.163 Thread 0x000001d7cc6cc3f0 Thread added: 0x000001d7e7009340
Event: 0.333 Thread 0x000001d7cc6cc3f0 Thread added: 0x000001d7e7099010
Event: 0.755 Thread 0x000001d7cc6cc3f0 Thread added: 0x000001d7e7291150


Dynamic libraries:
0x00007ff666a90000 - 0x00007ff666a9e000 	c:\Users\DELL\.vscode\extensions\redhat.java-1.36.0-win32-x64\jre\17.0.13-win32-x86_64\bin\java.exe
0x00007ffa11f50000 - 0x00007ffa12167000 	C:\WINDOWS\SYSTEM32\ntdll.dll
0x00007ffa112e0000 - 0x00007ffa113a4000 	C:\WINDOWS\System32\KERNEL32.DLL
0x00007ffa0f4a0000 - 0x00007ffa0f857000 	C:\WINDOWS\System32\KERNELBASE.dll
0x00007ffa0f290000 - 0x00007ffa0f3a1000 	C:\WINDOWS\System32\ucrtbase.dll
0x00007ffa06ca0000 - 0x00007ffa06cb7000 	c:\Users\DELL\.vscode\extensions\redhat.java-1.36.0-win32-x64\jre\17.0.13-win32-x86_64\bin\jli.dll
0x00007ffa10d70000 - 0x00007ffa10f1f000 	C:\WINDOWS\System32\USER32.dll
0x00007ffa0f260000 - 0x00007ffa0f286000 	C:\WINDOWS\System32\win32u.dll
0x00007ffa11ee0000 - 0x00007ffa11f09000 	C:\WINDOWS\System32\GDI32.dll
0x00007ffa0f890000 - 0x00007ffa0f9a8000 	C:\WINDOWS\System32\gdi32full.dll
0x00007ffa0fa70000 - 0x00007ffa0fb0a000 	C:\WINDOWS\System32\msvcp_win.dll
0x00007ffa01b40000 - 0x00007ffa01b5e000 	c:\Users\DELL\.vscode\extensions\redhat.java-1.36.0-win32-x64\jre\17.0.13-win32-x86_64\bin\VCRUNTIME140.dll
0x00007ff9fa3e0000 - 0x00007ff9fa673000 	C:\WINDOWS\WinSxS\amd64_microsoft.windows.common-controls_6595b64144ccf1df_6.0.22621.3672_none_2713b9d173822955\COMCTL32.dll
0x00007ffa0fc80000 - 0x00007ffa0fd27000 	C:\WINDOWS\System32\msvcrt.dll
0x00007ffa11d70000 - 0x00007ffa11da1000 	C:\WINDOWS\System32\IMM32.DLL
0x00007ffa02630000 - 0x00007ffa0263c000 	c:\Users\DELL\.vscode\extensions\redhat.java-1.36.0-win32-x64\jre\17.0.13-win32-x86_64\bin\vcruntime140_1.dll
0x00007ff9c8470000 - 0x00007ff9c84fd000 	c:\Users\DELL\.vscode\extensions\redhat.java-1.36.0-win32-x64\jre\17.0.13-win32-x86_64\bin\msvcp140.dll
0x00007ff99e450000 - 0x00007ff99f0bb000 	c:\Users\DELL\.vscode\extensions\redhat.java-1.36.0-win32-x64\jre\17.0.13-win32-x86_64\bin\server\jvm.dll
0x00007ffa11cb0000 - 0x00007ffa11d62000 	C:\WINDOWS\System32\ADVAPI32.dll
0x00007ffa10bc0000 - 0x00007ffa10c68000 	C:\WINDOWS\System32\sechost.dll
0x00007ffa0f860000 - 0x00007ffa0f888000 	C:\WINDOWS\System32\bcrypt.dll
0x00007ffa11130000 - 0x00007ffa11244000 	C:\WINDOWS\System32\RPCRT4.dll
0x00007ffa10580000 - 0x00007ffa105f1000 	C:\WINDOWS\System32\WS2_32.dll
0x00007ffa0f130000 - 0x00007ffa0f17d000 	C:\WINDOWS\SYSTEM32\POWRPROF.dll
0x00007ffa06bf0000 - 0x00007ffa06c24000 	C:\WINDOWS\SYSTEM32\WINMM.dll
0x00007ffa06be0000 - 0x00007ffa06bea000 	C:\WINDOWS\SYSTEM32\VERSION.dll
0x00007ffa0f110000 - 0x00007ffa0f123000 	C:\WINDOWS\SYSTEM32\UMPDC.dll
0x00007ffa0e2b0000 - 0x00007ffa0e2c8000 	C:\WINDOWS\SYSTEM32\kernel.appcore.dll
0x00007ffa01a40000 - 0x00007ffa01a4a000 	c:\Users\DELL\.vscode\extensions\redhat.java-1.36.0-win32-x64\jre\17.0.13-win32-x86_64\bin\jimage.dll
0x00007ffa03330000 - 0x00007ffa03562000 	C:\WINDOWS\SYSTEM32\DBGHELP.DLL
0x00007ffa10660000 - 0x00007ffa109ee000 	C:\WINDOWS\System32\combase.dll
0x00007ffa10c70000 - 0x00007ffa10d47000 	C:\WINDOWS\System32\OLEAUT32.dll
0x00007ff9fc1a0000 - 0x00007ff9fc1d2000 	C:\WINDOWS\SYSTEM32\dbgcore.DLL
0x00007ffa0f3b0000 - 0x00007ffa0f42b000 	C:\WINDOWS\System32\bcryptPrimitives.dll
0x00007ffa01260000 - 0x00007ffa0126e000 	c:\Users\DELL\.vscode\extensions\redhat.java-1.36.0-win32-x64\jre\17.0.13-win32-x86_64\bin\instrument.dll
0x00007ff9d3f90000 - 0x00007ff9d3fb5000 	c:\Users\DELL\.vscode\extensions\redhat.java-1.36.0-win32-x64\jre\17.0.13-win32-x86_64\bin\java.dll
0x00007ff9fe420000 - 0x00007ff9fe438000 	c:\Users\DELL\.vscode\extensions\redhat.java-1.36.0-win32-x64\jre\17.0.13-win32-x86_64\bin\zip.dll
0x00007ffa113b0000 - 0x00007ffa11c19000 	C:\WINDOWS\System32\SHELL32.dll
0x00007ffa0d1d0000 - 0x00007ffa0dacf000 	C:\WINDOWS\SYSTEM32\windows.storage.dll
0x00007ffa0d090000 - 0x00007ffa0d1cf000 	C:\WINDOWS\SYSTEM32\wintypes.dll
0x00007ffa11de0000 - 0x00007ffa11ed9000 	C:\WINDOWS\System32\SHCORE.dll
0x00007ffa0fd30000 - 0x00007ffa0fd8e000 	C:\WINDOWS\System32\shlwapi.dll
0x00007ffa0f190000 - 0x00007ffa0f1b7000 	C:\WINDOWS\SYSTEM32\profapi.dll
0x00007ff9f4ec0000 - 0x00007ff9f4ed9000 	C:\Users\DELL\.vscode\extensions\redhat.java-1.36.0-win32-x64\jre\17.0.13-win32-x86_64\bin\net.dll
0x00007ffa0a040000 - 0x00007ffa0a176000 	C:\WINDOWS\SYSTEM32\WINHTTP.dll
0x00007ffa0e720000 - 0x00007ffa0e789000 	C:\WINDOWS\system32\mswsock.dll
0x00007ff9ede20000 - 0x00007ff9ede36000 	C:\Users\DELL\.vscode\extensions\redhat.java-1.36.0-win32-x64\jre\17.0.13-win32-x86_64\bin\nio.dll
0x00007ff9fe480000 - 0x00007ff9fe490000 	c:\Users\DELL\.vscode\extensions\redhat.java-1.36.0-win32-x64\jre\17.0.13-win32-x86_64\bin\verify.dll

dbghelp: loaded successfully - version: 4.0.5 - missing functions: none
symbol engine: initialized successfully - sym options: 0x614 - pdb path: .;c:\Users\DELL\.vscode\extensions\redhat.java-1.36.0-win32-x64\jre\17.0.13-win32-x86_64\bin;C:\WINDOWS\SYSTEM32;C:\WINDOWS\WinSxS\amd64_microsoft.windows.common-controls_6595b64144ccf1df_6.0.22621.3672_none_2713b9d173822955;c:\Users\DELL\.vscode\extensions\redhat.java-1.36.0-win32-x64\jre\17.0.13-win32-x86_64\bin\server

VM Arguments:
jvm_args: --add-modules=ALL-SYSTEM --add-opens=java.base/java.util=ALL-UNNAMED --add-opens=java.base/java.lang=ALL-UNNAMED --add-opens=java.base/sun.nio.fs=ALL-UNNAMED -Declipse.application=org.eclipse.jdt.ls.core.id1 -Dosgi.bundles.defaultStartLevel=4 -Declipse.product=org.eclipse.jdt.ls.core.product -Djava.import.generatesMetadataFilesAtProjectRoot=false -DDetectVMInstallationsJob.disabled=true -Dfile.encoding=utf8 -XX:+UseParallelGC -XX:GCTimeRatio=4 -XX:AdaptiveSizePolicyWeight=90 -Dsun.zip.disableMemoryMapping=true -Xmx1G -Xms100m -Xlog:disable -javaagent:c:\Users\DELL\.vscode\extensions\redhat.java-1.36.0-win32-x64\lombok\lombok-1.18.35.jar 
java_command: c:\Users\DELL\.vscode\extensions\redhat.java-1.36.0-win32-x64\server\plugins\org.eclipse.equinox.launcher_1.6.900.v20240613-2009.jar -configuration c:\Users\DELL\AppData\Roaming\Code\User\globalStorage\redhat.java\1.36.0\config_ss_win -data c:\Users\DELL\AppData\Roaming\Code\User\workspaceStorage\a7b85a6b4e666e2a1d3ed8dca0553e40\redhat.java\ss_ws --pipe=\\.\pipe\lsp-33b5e4969da54102c2afaea8ff6a4be0-sock
java_class_path (initial): c:\Users\DELL\.vscode\extensions\redhat.java-1.36.0-win32-x64\server\plugins\org.eclipse.equinox.launcher_1.6.900.v20240613-2009.jar
Launcher Type: SUN_STANDARD

[Global flags]
    uintx AdaptiveSizePolicyWeight                 = 90                                        {product} {command line}
     intx CICompilerCount                          = 2                                         {product} {ergonomic}
    uintx GCTimeRatio                              = 4                                         {product} {command line}
   size_t InitialHeapSize                          = 104857600                                 {product} {command line}
   size_t MaxHeapSize                              = 1073741824                                {product} {command line}
   size_t MaxNewSize                               = 357564416                                 {product} {ergonomic}
   size_t MinHeapDeltaBytes                        = 524288                                    {product} {ergonomic}
   size_t MinHeapSize                              = 104857600                                 {product} {command line}
   size_t NewSize                                  = 34603008                                  {product} {ergonomic}
    uintx NonNMethodCodeHeapSize                   = 5826188                                {pd product} {ergonomic}
    uintx NonProfiledCodeHeapSize                  = 122916026                              {pd product} {ergonomic}
   size_t OldSize                                  = 70254592                                  {product} {ergonomic}
    uintx ProfiledCodeHeapSize                     = 122916026                              {pd product} {ergonomic}
    uintx ReservedCodeCacheSize                    = 251658240                              {pd product} {ergonomic}
     bool SegmentedCodeCache                       = true                                      {product} {ergonomic}
   size_t SoftMaxHeapSize                          = 1073741824                             {manageable} {ergonomic}
     bool UseCompressedClassPointers               = true                           {product lp64_product} {ergonomic}
     bool UseCompressedOops                        = true                           {product lp64_product} {ergonomic}
     bool UseLargePagesIndividualAllocation        = false                                  {pd product} {ergonomic}
     bool UseParallelGC                            = true                                      {product} {command line}

Logging:
Log output configuration:
 #0: stdout all=off uptime,level,tags
 #1: stderr all=off uptime,level,tags

Environment Variables:
PATH=C:\Python312\Scripts\;C:\Python312\;C:\Program Files\Common Files\Oracle\Java\javapath;C:\WINDOWS\system32;C:\WINDOWS;C:\WINDOWS\System32\Wbem;C:\WINDOWS\System32\WindowsPowerShell\v1.0\;C:\WINDOWS\System32\OpenSSH\;C:\Program Files\dotnet\;C:\Users\DELL\Downloads\jdk-20_windows-x64_bin.exe;C:\Program Files\nodejs\;C:\ProgramData\chocolatey\bin;C:\Program Files\MySQL\MySQL Server 8.0\bin;C:\buildTool\apache-maven-3.9.9\bin;C:\Program Files\Git\cmd;C:\Program Files\MySQL\MySQL Shell 8.0\bin\;C:\Users\DELL\AppData\Local\Programs\Python\Python311\Scripts\;C:\Users\DELL\AppData\Local\Programs\Python\Python311\;C:\Users\DELL\AppData\Local\Microsoft\WindowsApps;C:\Users\DELL\AppData\Local\Programs\Microsoft VS Code\bin;C:\Program Files\JetBrains\IntelliJ IDEA Community Edition 2023.3.4\bin;;C:\Users\DELL\AppData\Roaming\npm;C:\Users\DELL\Downloads\flutter_windows_3.24.3-stable\flutter\bin;
USERNAME=DELL
OS=Windows_NT
PROCESSOR_IDENTIFIER=AMD64 Family 23 Model 24 Stepping 1, AuthenticAMD
TMP=C:\Users\DELL\AppData\Local\Temp
TEMP=C:\Users\DELL\AppData\Local\Temp



Periodic native trim disabled


---------------  S Y S T E M  ---------------

OS:
 Windows 11 , 64 bit Build 22621 (10.0.22621.3958)
OS uptime: 10 days 18:46 hours

CPU: total 2 (initial active 2) (2 cores per cpu, 1 threads per core) family 23 model 24 stepping 1 microcode 0x0, cx8, cmov, fxsr, mmx, 3dnowpref, sse, sse2, sse3, ssse3, sse4a, sse4.1, sse4.2, popcnt, lzcnt, tsc, tscinvbit, avx, avx2, aes, clmul, bmi1, bmi2, adx, sha, fma, vzeroupper, clflush, clflushopt
Processor Information for all 2 processors :
  Max Mhz: 2300, Current Mhz: 2300, Mhz Limit: 2300

Memory: 4k page, system-wide physical 6030M (213M free)
TotalPageFile size 16030M (AvailPageFile size 2M)
current process WorkingSet (physical memory assigned to process): 77M, peak: 77M
current process commit charge ("private bytes"): 179M, peak: 180M

vm_info: OpenJDK 64-Bit Server VM (17.0.13+11) for windows-amd64 JRE (17.0.13+11), built on Oct 16 2024 00:10:08 by "admin" with MS VC++ 17.7 (VS2022)

END.
